40;201;2;1;1;0.440539 ; 0.242085
40;201;2;1;1;0.281602 ; 0.266565

40;201;2;1;2;0.311453 ; 0.264969
40;201;2;1;2;0.360512 ; 0.270703

80;201;2;1;1;0.902973 ; 0.690082
80;201;2;1;1;0.904398 ; 0.84608

80;201;2;1;2;0.609454 ; 0.470178
80;201;2;1;2;0.555273 ; 0.493457

80;201;2;1;4;0.349651 ; 0.28185
80;201;2;1;4;0.402068 ; 0.274128

120;201;2;1;1;2.82344 ; 2.25322
120;201;2;1;1;2.7626 ; 2.71541

120;201;2;1;2;1.69425 ; 1.40171
120;201;2;1;2;1.57198 ; 1.48857

120;201;2;1;4;0.996993 ; 0.828469
120;201;2;1;4;0.965014 ; 0.799323

120;201;2;1;6;0.798291 ; 0.60119
120;201;2;1;6;0.879978 ; 0.597961

160;201;2;1;1;6.30672 ; 5.29045
160;201;2;1;1;6.37117 ; 6.26899

160;201;2;1;2;3.40589 ; 3.08406
160;201;2;1;2;3.56572 ; 3.25701

160;201;2;1;4;2.03745 ; 1.72584
160;201;2;1;4;1.96982 ; 1.72307

160;201;2;1;6;1.58424 ; 1.13646
160;201;2;1;6;1.48089 ; 1.12285

160;201;2;1;8;1.39833 ; 0.904544
160;201;2;1;8;1.34672 ; 0.900357

200;201;2;1;1;12.5372 ; 10.6455
200;201;2;1;1;12.6364 ; 12.4899

200;201;2;1;2;6.60744 ; 5.88591
200;201;2;1;2;6.57256 ; 6.36864

200;201;2;1;4;3.70618 ; 3.22045
200;201;2;1;4;3.57759 ; 3.20306

200;201;2;1;6;2.88824 ; 2.16252
200;201;2;1;6;2.71063 ; 2.18031

200;201;2;1;8;2.32571 ; 1.64493
200;201;2;1;8;2.54744 ; 1.64008

240;201;2;1;1;22.15 ; 18.8726
240;201;2;1;1;22.3195 ; 22.1077

240;201;2;1;2;11.5152 ; 10.2509
240;201;2;1;2;11.4877 ; 11.1968

240;201;2;1;4;6.23721 ; 5.52325
240;201;2;1;4;6.10982 ; 5.59187

240;201;2;1;6;4.51126 ; 3.69691
240;201;2;1;6;4.50582 ; 3.71864

240;201;2;1;8;3.79911 ; 2.78364
240;201;2;1;8;3.77288 ; 2.78717

280;201;2;1;1;35.2587 ; 30.2248
280;201;2;1;1;35.512 ; 35.2007

280;201;2;1;2;18.3229 ; 16.1454
280;201;2;1;2;18.1424 ; 17.7715

280;201;2;1;4;9.58848 ; 8.71232
280;201;2;1;4;9.55747 ; 8.86162

280;201;2;1;6;7.17849 ; 5.78222
280;201;2;1;6;6.85645 ; 5.81414

280;201;2;1;8;5.66244 ; 4.31874
280;201;2;1;8;5.70589 ; 4.30976

320;201;2;1;1;54.9353 ; 48.1316
320;201;2;1;1;55.2909 ; 54.865

320;201;2;1;2;28.209 ; 25.3063
320;201;2;1;2;28.3549 ; 27.7425

320;201;2;1;4;14.6156 ; 13.4706
320;201;2;1;4;14.6586 ; 13.7368

320;201;2;1;6;10.502 ; 9.01052
320;201;2;1;6;10.4065 ; 9.03949

320;201;2;1;8;8.48963 ; 6.70127
320;201;2;1;8;8.50219 ; 6.69653

340;201;2;1;1;65.63 ; 57.2252
340;201;2;1;1;65.8232 ; 65.5367

340;201;2;1;2;33.5746 ; 29.9728
340;201;2;1;2;33.7805 ; 33.0651

340;201;2;1;4;17.4721 ; 16.0227
340;201;2;1;4;17.4002 ; 16.4145

340;201;2;1;6;12.3376 ; 10.6388
340;201;2;1;6;12.5823 ; 10.8194

340;201;2;1;8;9.92942 ; 7.95684
340;201;2;1;8;10.1517 ; 7.97701

360;201;2;1;1;80.0723 ; 70.0656
360;201;2;1;1;80.3376 ; 79.9966

360;201;2;1;2;40.9548 ; 36.7284
360;201;2;1;2;41.1986 ; 40.3702

360;201;2;1;4;21.1847 ; 20.0136
360;201;2;1;4;21.3521 ; 19.6513

360;201;2;1;6;14.9975 ; 13.1375
360;201;2;1;6;14.9197 ; 13.1853

360;201;2;1;8;12.1429 ; 9.79079
360;201;2;1;8;12.0052 ; 9.73869

380;201;2;1;1;98.1662 ; 86.7077
380;201;2;1;1;98.2134 ; 98.0595

380;201;2;1;2;50.4339 ; 45.8684
380;201;2;1;2;50.6223 ; 49.8009

380;201;2;1;4;26.0839 ; 24.392
380;201;2;1;4;26.0831 ; 24.7698

380;201;2;1;6;18.2921 ; 16.365
380;201;2;1;6;18.3573 ; 16.3613

380;201;2;1;8;15.0107 ; 12.5317
380;201;2;1;8;15.1392 ; 12.5914

400;201;2;1;1;110.314 ; 97.2565
400;201;2;1;1;110.573 ; 110.232

400;201;2;1;2;56.4951 ; 50.802
400;201;2;1;2;56.628 ; 55.7698

400;201;2;1;4;29.3375 ; 27.3537
400;201;2;1;4;29.2735 ; 27.8281

400;201;2;1;6;20.5801 ; 18.3795
400;201;2;1;6;20.5479 ; 18.413

400;201;2;1;8;16.2626 ; 13.5293
400;201;2;1;8;16.286 ; 13.5813

420;201;2;1;1;125.059 ; 109.653
420;201;2;1;1;125.011 ; 124.845

420;201;2;1;2;63.3621 ; 56.9692
420;201;2;1;2;63.7116 ; 62.6116

420;201;2;1;4;32.5722 ; 31.0616
420;201;2;1;4;32.6296 ; 30.7601

420;201;2;1;6;23.1097 ; 20.4606
420;201;2;1;6;22.8609 ; 20.5589

420;201;2;1;8;18.1857 ; 15.1721
420;201;2;1;8;18.2253 ; 15.3081

440;201;2;1;1;149.392 ; 131.871
440;201;2;1;1;149.798 ; 149.289

440;201;2;1;2;76.3405 ; 68.6375
440;201;2;1;2;76.3216 ; 75.4283

440;201;2;1;4;39.0647 ; 36.9273
440;201;2;1;4;39.2407 ; 37.3868

440;201;2;1;6;27.1726 ; 24.5385
440;201;2;1;6;27.4101 ; 24.6778

440;201;2;1;8;21.485 ; 18.0467
440;201;2;1;8;21.4271 ; 18.2502

480;201;2;1;1;202.287 ; 179.685
480;201;2;1;1;202.226 ; 201.992

480;201;2;1;2;102.581 ; 93.2947
480;201;2;1;2;102.514 ; 101.531

480;201;2;1;4;52.3632 ; 49.8658
480;201;2;1;4;52.4106 ; 50.363

480;201;2;1;6;36.5638 ; 33.3685
480;201;2;1;6;36.6331 ; 33.6351

480;201;2;1;8;28.6918 ; 24.6369
480;201;2;1;8;28.7092 ; 24.902

520;201;2;1;1;264.198 ; 236.436
520;201;2;1;1;264.527 ; 264.034

520;201;2;1;2;134.148 ; 122.451
520;201;2;1;2;134.22 ; 133.021

520;201;2;1;4;68.2154 ; 65.7645
520;201;2;1;4;68.1189 ; 65.2065

520;201;2;1;6;47.35 ; 43.5551
520;201;2;1;6;47.2846 ; 44.039

520;201;2;1;8;36.9508 ; 32.126
520;201;2;1;8;36.9009 ; 32.6188

560;201;2;1;1;320.532 ; 284.842
560;201;2;1;1;320.645 ; 320.308

560;201;2;1;2;162.185 ; 148.001
560;201;2;1;2;162.371 ; 160.944

560;201;2;1;4;82.8532 ; 79.7921
560;201;2;1;4;82.8929 ; 79.9579

560;201;2;1;6;57.4403 ; 52.7033
560;201;2;1;6;57.5853 ; 53.7787

560;201;2;1;8;45.2063 ; 40.0499
560;201;2;1;8;44.9433 ; 39.514

600;201;2;1;1;380.056 ; 334.316
600;201;2;1;1;379.82 ; 379.435

600;201;2;1;2;189.918 ; 173.459
600;201;2;1;2;190.075 ; 188.515

600;201;2;1;4;97.659 ; 93.4034
600;201;2;1;4;97.4633 ; 94.5675

600;201;2;1;6;67.8184 ; 62.0712
600;201;2;1;6;67.9007 ; 63.5604

600;201;2;1;8;52.3259 ; 46.3856
600;201;2;1;8;52.3134 ; 47.5641

640;201;2;1;1;480.925 ; 430.099
640;201;2;1;1;481.237 ; 480.728

640;201;2;1;2;242.753 ; 222.697
640;201;2;1;2;242.771 ; 241.397

640;201;2;1;4;123.842 ; 119.103
640;201;2;1;4;124.218 ; 120.63

640;201;2;1;6;84.8869 ; 79.1404
640;201;2;1;6;85.4221 ; 80.9894

680;201;2;1;1;597.477 ; 534.956
680;201;2;1;1;597.604 ; 597.082

680;201;2;1;2;301.355 ; 276.743
680;201;2;1;2;301.059 ; 299.136

680;201;2;1;4;153.662 ; 148.909
680;201;2;1;4;154.095 ; 149.749

680;201;2;1;6;104.815 ; 98.7287
680;201;2;1;6;105.165 ; 100.431

720;201;2;1;1;707.805 ; 634.548
720;201;2;1;1;707.987 ; 707.439

720;201;2;1;2;358.035 ; 328.277
720;201;2;1;2;357.691 ; 355.472

720;201;2;1;4;182.121 ; 176.665
720;201;2;1;4;182.672 ; 177.98

720;201;2;1;6;124.075 ; 117.15
720;201;2;1;6;124.353 ; 119.255

760;201;2;1;1;819.879 ; 732.668
760;201;2;1;1;819.827 ; 819.221

760;201;2;1;2;411.963 ; 378.508
760;201;2;1;2;411.665 ; 409.076

760;201;2;1;4;211.591 ; 204.233
760;201;2;1;4;211.952 ; 207.059

760;201;2;1;6;143.662 ; 135.329
760;201;2;1;6;143.951 ; 138.138

800;201;2;1;1;957.055 ; 857.895
800;201;2;1;1;957.086 ; 956.412

800;201;2;1;2;482.532 ; 442.449
800;201;2;1;2;482.454 ; 479.464

800;201;2;1;4;247.317 ; 237.83
800;201;2;1;4;247.874 ; 242.147

800;201;2;1;6;167.818 ; 157.708
800;201;2;1;6;168.291 ; 161.565

