60.1757 ; 60.1756
55.6404 ; 55.6404
55.5433 ; 55.5433
55.6478 ; 55.6478
55.7249 ; 55.7249
55.6021 ; 55.6021
55.6251 ; 55.625
55.5306 ; 55.5306
55.5914 ; 55.5914
55.6881 ; 55.6881
55.6282 ; 55.6282
55.6672 ; 55.6672
55.6436 ; 55.6436
55.6648 ; 55.6648
55.6136 ; 55.6136
55.5845 ; 55.5845
55.6531 ; 55.6531
55.6231 ; 55.6231
55.6243 ; 55.6243
55.612 ; 55.612
55.6576 ; 55.6576
55.688 ; 55.688
55.6996 ; 55.6996
55.5745 ; 55.5745
55.6599 ; 55.6598
55.6834 ; 55.6834
55.5903 ; 55.5903
55.6811 ; 55.6811
55.7206 ; 55.7206
55.6095 ; 55.6095
55.6091 ; 55.6091
55.6982 ; 55.6982
55.7174 ; 55.7174
55.6292 ; 55.6292
55.638 ; 55.638
55.661 ; 55.661
55.6563 ; 55.6563
55.7368 ; 55.7368
55.7307 ; 55.7307
55.6541 ; 55.6541
55.7237 ; 55.7237
55.6796 ; 55.6796
55.6561 ; 55.6561
55.7784 ; 55.7784
55.6258 ; 55.6257
55.6695 ; 55.6695
55.6731 ; 55.6731
55.6596 ; 55.6596
55.6757 ; 55.6757
55.6464 ; 55.6464
55.6884 ; 55.6884
55.5551 ; 55.5551
55.5419 ; 55.5419
55.6375 ; 55.6375
55.7676 ; 55.7676
55.6254 ; 55.6254
55.6786 ; 55.6786
55.6122 ; 55.6122
55.5991 ; 55.5991
55.6446 ; 55.6446
55.627 ; 55.627
55.6264 ; 55.6263
55.5569 ; 55.5569
55.6232 ; 55.6232
55.6544 ; 55.6544
55.7244 ; 55.7244
55.6644 ; 55.6644
55.6132 ; 55.6132
55.6378 ; 55.6378
55.7927 ; 55.7927
55.6812 ; 55.6812
55.669 ; 55.669
55.7091 ; 55.7091
55.6796 ; 55.6796
55.7104 ; 55.7104
55.634 ; 55.634
55.6546 ; 55.6546
55.5888 ; 55.5888
55.5367 ; 55.5367
55.6362 ; 55.6362
55.656 ; 55.656
55.6958 ; 55.6958
55.6025 ; 55.6025
55.5894 ; 55.5894
55.6052 ; 55.6052
55.6112 ; 55.6112
55.6626 ; 55.6626
55.6796 ; 55.6796
55.6308 ; 55.6308
55.5305 ; 55.5305
55.6659 ; 55.6659
55.6169 ; 55.6169
55.6965 ; 55.6965
55.6297 ; 55.6297
55.6618 ; 55.6618
55.6342 ; 55.6342
55.6527 ; 55.6527
55.6503 ; 55.6503
55.7077 ; 55.7077
55.5849 ; 55.5849
55.6163 ; 55.6163
55.6979 ; 55.6979
55.5711 ; 55.5711
55.6995 ; 55.6995
55.6272 ; 55.6272
55.6287 ; 55.6287
55.6537 ; 55.6537
55.5984 ; 55.5984
55.6996 ; 55.6996
55.6643 ; 55.6643
55.5871 ; 55.5871
55.7513 ; 55.7513
55.661 ; 55.661
55.657 ; 55.657
55.66 ; 55.66
55.6238 ; 55.6238
55.6399 ; 55.6399
55.5954 ; 55.5954
55.7115 ; 55.7115
55.5853 ; 55.5853
55.6194 ; 55.6193
55.6927 ; 55.6927
55.7442 ; 55.7442
55.7014 ; 55.7014
55.67 ; 55.67
55.5976 ; 55.5976
55.6136 ; 55.6136
55.6271 ; 55.6271
55.7079 ; 55.7079
55.6561 ; 55.6561
55.62 ; 55.62
55.5879 ; 55.5879
55.6689 ; 55.6689
55.5757 ; 55.5757
55.6121 ; 55.612
55.7833 ; 55.7833
55.5732 ; 55.5732
55.6812 ; 55.6812
55.6494 ; 55.6494
55.6742 ; 55.6742
55.7538 ; 55.7538
55.7015 ; 55.7015
55.6642 ; 55.6642
55.6216 ; 55.6216
55.6106 ; 55.6106
55.7071 ; 55.707
55.6556 ; 55.6556
55.6828 ; 55.6828
55.6933 ; 55.6933
55.6123 ; 55.6123
55.6587 ; 55.6587
55.6988 ; 55.6988
55.6391 ; 55.6391
55.6276 ; 55.6276
55.7014 ; 55.7014
55.5984 ; 55.5984
55.6662 ; 55.6662
55.6728 ; 55.6728
55.5746 ; 55.5746
55.5894 ; 55.5894
55.5557 ; 55.5557
55.6048 ; 55.6048
55.6326 ; 55.6326
55.7048 ; 55.7048
55.6344 ; 55.6344
55.5945 ; 55.5945
55.6811 ; 55.6811
55.6704 ; 55.6704
55.5407 ; 55.5407
55.6139 ; 55.6139
55.554 ; 55.554
55.6678 ; 55.6678
55.6401 ; 55.6401
55.6048 ; 55.6048
55.673 ; 55.673
55.5438 ; 55.5438
55.6125 ; 55.6125
55.5435 ; 55.5435
55.6152 ; 55.6152
55.5942 ; 55.5942
55.6295 ; 55.6295
55.5491 ; 55.5491
55.5855 ; 55.5855
55.6299 ; 55.6299
55.6862 ; 55.6862
55.595 ; 55.595
55.6058 ; 55.6058
55.5584 ; 55.5584
55.5726 ; 55.5726
55.6575 ; 55.6575
55.6084 ; 55.6084
55.6099 ; 55.6099
55.5618 ; 55.5618
55.6628 ; 55.6628
55.6335 ; 55.6335
55.5704 ; 55.5704
55.5311 ; 55.5311
55.6221 ; 55.6221
55.5528 ; 55.5528
55.5148 ; 55.5148
55.5693 ; 55.5693
