85.4098 ; 85.4097
78.7293 ; 78.7293
78.6474 ; 78.6474
78.7385 ; 78.7385
78.5633 ; 78.5633
78.9246 ; 78.9245
78.5622 ; 78.5622
78.7609 ; 78.7609
78.6878 ; 78.6878
78.8204 ; 78.8204
78.649 ; 78.649
78.8648 ; 78.8648
78.6769 ; 78.6769
78.7116 ; 78.7116
78.7563 ; 78.7563
78.687 ; 78.687
78.6578 ; 78.6578
78.7454 ; 78.7454
78.6699 ; 78.6699
78.8121 ; 78.8121
78.7231 ; 78.7231
78.7963 ; 78.7963
78.6544 ; 78.6544
78.8168 ; 78.8168
78.7535 ; 78.7535
78.7358 ; 78.7358
78.7525 ; 78.7525
78.8182 ; 78.8182
78.5982 ; 78.5982
78.7364 ; 78.7364
78.6833 ; 78.6833
78.7081 ; 78.7081
78.7558 ; 78.7558
78.8384 ; 78.8383
78.6246 ; 78.6246
78.8909 ; 78.8909
78.5612 ; 78.5612
78.7667 ; 78.7667
78.7103 ; 78.7103
78.7341 ; 78.7341
78.6479 ; 78.6479
78.7953 ; 78.7953
78.7413 ; 78.7413
78.7393 ; 78.7393
78.7726 ; 78.7726
78.7928 ; 78.7928
78.6581 ; 78.6581
78.7653 ; 78.7653
78.8017 ; 78.8017
78.891 ; 78.891
78.7332 ; 78.7332
78.7715 ; 78.7715
78.6655 ; 78.6655
78.9264 ; 78.9264
78.7487 ; 78.7487
78.8282 ; 78.8282
78.7323 ; 78.7323
78.7899 ; 78.7899
78.7349 ; 78.7349
78.7674 ; 78.7674
78.7517 ; 78.7517
78.7645 ; 78.7645
78.7379 ; 78.7379
78.9111 ; 78.9111
78.7423 ; 78.7423
78.8717 ; 78.8717
78.6866 ; 78.6865
78.8008 ; 78.8008
78.6755 ; 78.6754
78.7399 ; 78.7399
78.6772 ; 78.6772
78.7954 ; 78.7954
78.6719 ; 78.6719
78.8262 ; 78.8262
78.4658 ; 78.4658
78.7623 ; 78.7623
78.7316 ; 78.7316
78.7859 ; 78.7858
78.5965 ; 78.5965
78.6477 ; 78.6477
78.7429 ; 78.7429
78.8656 ; 78.8656
78.6187 ; 78.6187
78.8829 ; 78.8829
78.7352 ; 78.7352
78.8332 ; 78.8332
78.6435 ; 78.6435
78.8924 ; 78.8924
78.6053 ; 78.6053
78.9406 ; 78.9406
78.7219 ; 78.7219
78.6935 ; 78.6935
78.7596 ; 78.7596
78.756 ; 78.756
78.6463 ; 78.6463
78.7109 ; 78.7109
78.7616 ; 78.7616
78.8365 ; 78.8365
78.7481 ; 78.7481
78.7058 ; 78.7058
78.8322 ; 78.8322
78.7054 ; 78.7054
78.6462 ; 78.6462
78.6972 ; 78.6972
78.6455 ; 78.6455
78.7704 ; 78.7704
78.6257 ; 78.6257
78.7826 ; 78.7826
78.7644 ; 78.7644
78.7116 ; 78.7116
78.7713 ; 78.7713
78.9435 ; 78.9435
78.7807 ; 78.7807
78.7897 ; 78.7897
78.829 ; 78.829
78.8717 ; 78.8717
78.8187 ; 78.8187
78.9638 ; 78.9638
78.7478 ; 78.7478
78.8473 ; 78.8473
78.7818 ; 78.7818
78.8508 ; 78.8508
78.58 ; 78.58
78.7322 ; 78.7322
78.6767 ; 78.6767
78.7765 ; 78.7765
78.7531 ; 78.7531
78.9876 ; 78.9876
78.6305 ; 78.6305
78.9264 ; 78.9264
78.7885 ; 78.7885
78.8389 ; 78.8389
78.6706 ; 78.6706
78.9704 ; 78.9704
78.693 ; 78.693
78.808 ; 78.808
78.9047 ; 78.9047
78.8037 ; 78.8037
78.8109 ; 78.8109
78.8575 ; 78.8575
78.7169 ; 78.7169
78.8226 ; 78.8226
78.7977 ; 78.7977
78.9627 ; 78.9627
78.7588 ; 78.7588
78.7872 ; 78.7872
78.8005 ; 78.8005
79.1209 ; 79.1209
78.849 ; 78.849
79.0072 ; 79.0072
78.7345 ; 78.7345
78.7617 ; 78.7617
78.8396 ; 78.8396
78.9018 ; 78.9018
78.7472 ; 78.7472
78.7991 ; 78.7991
78.7941 ; 78.7941
78.881 ; 78.881
78.6651 ; 78.6651
78.8182 ; 78.8182
78.745 ; 78.745
78.716 ; 78.716
78.6065 ; 78.6065
78.8406 ; 78.8406
78.5497 ; 78.5497
79.0431 ; 79.0431
78.6694 ; 78.6694
78.7172 ; 78.7172
78.785 ; 78.785
78.8559 ; 78.8559
78.7535 ; 78.7535
78.8666 ; 78.8666
78.826 ; 78.826
78.8077 ; 78.8077
78.7002 ; 78.7002
78.9379 ; 78.9379
78.7322 ; 78.7322
78.7348 ; 78.7348
78.7689 ; 78.7689
78.7568 ; 78.7568
78.7053 ; 78.7053
78.7311 ; 78.7311
78.6408 ; 78.6408
78.8316 ; 78.8316
78.8396 ; 78.8396
78.8538 ; 78.8538
78.7369 ; 78.7369
78.8192 ; 78.8192
78.8349 ; 78.8349
78.7646 ; 78.7646
78.5928 ; 78.5928
78.8461 ; 78.846
78.7692 ; 78.7692
78.8909 ; 78.8909
78.761 ; 78.761
78.8777 ; 78.8777
78.8452 ; 78.8452
78.9149 ; 78.9149
78.5804 ; 78.5804
78.7169 ; 78.7168
78.7016 ; 78.7016
