20.8752 ; 20.8752
19.162 ; 19.162
19.1237 ; 19.1237
19.12 ; 19.12
19.0643 ; 19.0643
19.1907 ; 19.1907
19.1474 ; 19.1474
19.0706 ; 19.0706
19.1116 ; 19.1116
19.0749 ; 19.0749
19.1166 ; 19.1166
19.1102 ; 19.1102
19.1024 ; 19.1024
19.0812 ; 19.0812
19.1501 ; 19.1501
19.095 ; 19.095
19.1394 ; 19.1394
19.1338 ; 19.1338
19.0581 ; 19.0581
19.1229 ; 19.1229
19.0791 ; 19.0791
19.0262 ; 19.0262
19.0607 ; 19.0607
19.0641 ; 19.0641
19.1498 ; 19.1498
19.1308 ; 19.1308
19.0423 ; 19.0423
19.0911 ; 19.0911
19.1085 ; 19.1085
19.0966 ; 19.0966
19.1384 ; 19.1384
19.0984 ; 19.0984
19.0877 ; 19.0877
19.1753 ; 19.1753
19.0771 ; 19.0771
19.1062 ; 19.1062
19.1253 ; 19.1253
19.1484 ; 19.1484
19.1223 ; 19.1223
19.0982 ; 19.0982
19.0413 ; 19.0413
19.0914 ; 19.0914
19.086 ; 19.086
19.0963 ; 19.0963
19.1322 ; 19.1322
19.1031 ; 19.1031
19.1209 ; 19.1209
19.1263 ; 19.1263
19.1249 ; 19.1249
19.1286 ; 19.1286
19.151 ; 19.151
19.0485 ; 19.0485
19.1356 ; 19.1356
19.0592 ; 19.0592
19.0725 ; 19.0725
19.1109 ; 19.1109
19.0493 ; 19.0493
19.1277 ; 19.1277
19.0794 ; 19.0794
19.0719 ; 19.0719
19.0899 ; 19.0899
19.1619 ; 19.1619
19.1041 ; 19.1041
19.111 ; 19.111
19.0725 ; 19.0725
19.082 ; 19.082
19.1692 ; 19.1692
19.0566 ; 19.0566
19.11 ; 19.11
19.0892 ; 19.0892
19.0623 ; 19.0623
19.181 ; 19.181
19.0722 ; 19.0722
19.0819 ; 19.0819
19.1351 ; 19.1351
19.1423 ; 19.1423
19.1269 ; 19.1269
19.1429 ; 19.1429
19.0627 ; 19.0627
19.2003 ; 19.2003
19.0797 ; 19.0797
19.0709 ; 19.0709
19.1313 ; 19.1313
19.1117 ; 19.1117
19.0557 ; 19.0557
19.1493 ; 19.1493
19.0931 ; 19.0931
19.0743 ; 19.0743
19.147 ; 19.147
19.0544 ; 19.0544
19.1218 ; 19.1218
19.1311 ; 19.1311
19.1389 ; 19.1389
19.1442 ; 19.1441
19.1511 ; 19.1511
19.0899 ; 19.0899
19.1697 ; 19.1697
19.0964 ; 19.0964
19.1327 ; 19.1327
19.1581 ; 19.1581
19.0903 ; 19.0903
19.1134 ; 19.1134
19.1355 ; 19.1355
19.0816 ; 19.0815
19.2372 ; 19.2372
19.1695 ; 19.1695
19.1992 ; 19.1992
19.2353 ; 19.2353
19.0891 ; 19.0891
19.1949 ; 19.1949
19.2216 ; 19.2216
19.0936 ; 19.0936
19.1869 ; 19.1869
19.1975 ; 19.1975
19.0944 ; 19.0944
19.2215 ; 19.2215
19.178 ; 19.1779
19.2184 ; 19.2184
19.2306 ; 19.2306
19.1498 ; 19.1498
19.2609 ; 19.2609
19.196 ; 19.196
19.151 ; 19.151
19.1888 ; 19.1888
19.2784 ; 19.2784
19.2107 ; 19.2107
19.1828 ; 19.1828
19.1695 ; 19.1695
19.1576 ; 19.1576
19.3069 ; 19.3069
19.1673 ; 19.1673
19.1922 ; 19.1922
19.1424 ; 19.1424
19.1323 ; 19.1323
19.2177 ; 19.2177
19.1554 ; 19.1554
19.1539 ; 19.1539
19.1883 ; 19.1883
19.2661 ; 19.2661
19.1964 ; 19.1964
19.1479 ; 19.1479
19.1581 ; 19.1581
19.1924 ; 19.1924
19.2555 ; 19.2555
19.1163 ; 19.1162
19.167 ; 19.167
19.1719 ; 19.1719
19.1301 ; 19.1301
19.2162 ; 19.2162
19.2083 ; 19.2083
19.1358 ; 19.1358
19.1866 ; 19.1866
19.2654 ; 19.2654
19.2376 ; 19.2376
19.1435 ; 19.1435
19.1137 ; 19.1137
19.241 ; 19.241
19.2407 ; 19.2407
19.1844 ; 19.1844
19.2216 ; 19.2216
19.155 ; 19.155
19.147 ; 19.147
19.2057 ; 19.2057
19.1541 ; 19.1541
19.1816 ; 19.1816
19.2038 ; 19.2038
19.1176 ; 19.1176
19.2787 ; 19.2787
19.1482 ; 19.1482
19.1998 ; 19.1998
19.1949 ; 19.1949
19.2727 ; 19.2727
19.1397 ; 19.1397
19.1561 ; 19.1561
19.1183 ; 19.1183
19.1538 ; 19.1538
19.2119 ; 19.2119
19.2199 ; 19.2199
19.1859 ; 19.1859
19.1909 ; 19.1909
19.164 ; 19.164
19.2378 ; 19.2378
19.1456 ; 19.1456
19.1172 ; 19.1172
19.1942 ; 19.1942
19.2363 ; 19.2363
19.1354 ; 19.1354
19.1585 ; 19.1585
19.1944 ; 19.1944
19.154 ; 19.154
19.1655 ; 19.1655
19.2104 ; 19.2104
19.2132 ; 19.2132
19.1743 ; 19.1743
19.1612 ; 19.1612
19.2775 ; 19.2775
19.135 ; 19.135
19.1384 ; 19.1384
19.1891 ; 19.1891
19.194 ; 19.194
19.1762 ; 19.1762
