16.1931 ; 16.1931
14.904 ; 14.904
14.9285 ; 14.9285
14.9057 ; 14.9057
14.8727 ; 14.8727
14.9159 ; 14.9159
14.864 ; 14.864
14.9185 ; 14.9185
14.8716 ; 14.8716
14.8928 ; 14.8928
14.9765 ; 14.9765
14.9441 ; 14.9441
14.8903 ; 14.8903
14.8693 ; 14.8693
14.9027 ; 14.9027
14.8485 ; 14.8485
14.9479 ; 14.9479
14.9009 ; 14.9009
14.8425 ; 14.8425
14.8777 ; 14.8777
14.873 ; 14.873
14.8456 ; 14.8456
14.9115 ; 14.9115
14.8937 ; 14.8937
14.8471 ; 14.8471
14.8835 ; 14.8835
14.847 ; 14.847
14.8774 ; 14.8774
14.8415 ; 14.8415
14.9533 ; 14.9533
14.874 ; 14.874
14.8898 ; 14.8898
14.8871 ; 14.8871
14.8872 ; 14.8872
14.9247 ; 14.9247
14.8921 ; 14.8921
14.8638 ; 14.8638
14.8692 ; 14.8692
14.8295 ; 14.8295
14.9167 ; 14.9167
14.8608 ; 14.8608
14.8981 ; 14.8981
14.8173 ; 14.8172
14.9132 ; 14.9132
14.8223 ; 14.8223
14.9023 ; 14.9023
14.8617 ; 14.8617
14.8945 ; 14.8945
14.8357 ; 14.8357
14.894 ; 14.894
14.8363 ; 14.8363
14.9199 ; 14.9199
14.8347 ; 14.8347
14.8511 ; 14.8511
14.8756 ; 14.8756
14.8815 ; 14.8815
14.8813 ; 14.8813
14.9209 ; 14.9209
14.8503 ; 14.8503
14.8749 ; 14.8749
14.8303 ; 14.8303
14.8914 ; 14.8914
14.8629 ; 14.8629
14.903 ; 14.903
14.9071 ; 14.9071
14.8669 ; 14.8669
14.8703 ; 14.8703
14.908 ; 14.908
14.8674 ; 14.8674
14.8641 ; 14.8641
14.8763 ; 14.8763
14.8467 ; 14.8467
14.8509 ; 14.8509
14.8707 ; 14.8707
14.8574 ; 14.8574
14.8654 ; 14.8654
14.9065 ; 14.9065
14.8446 ; 14.8446
14.8761 ; 14.8761
14.8523 ; 14.8523
14.8617 ; 14.8617
14.8908 ; 14.8908
14.8878 ; 14.8878
14.8426 ; 14.8426
14.854 ; 14.854
14.903 ; 14.903
14.9315 ; 14.9315
14.8803 ; 14.8803
14.9221 ; 14.9221
14.927 ; 14.927
14.8725 ; 14.8725
14.9014 ; 14.9014
14.886 ; 14.886
14.8931 ; 14.8931
14.8769 ; 14.8769
14.8412 ; 14.8412
14.8696 ; 14.8696
14.8965 ; 14.8965
14.8853 ; 14.8853
14.8867 ; 14.8867
14.9773 ; 14.9773
14.8662 ; 14.8662
14.864 ; 14.864
14.8626 ; 14.8626
14.9172 ; 14.9172
14.8638 ; 14.8638
14.9553 ; 14.9553
14.8799 ; 14.8799
14.8932 ; 14.8932
14.8533 ; 14.8533
14.948 ; 14.948
14.846 ; 14.846
14.8974 ; 14.8974
14.868 ; 14.868
14.8728 ; 14.8728
14.8698 ; 14.8698
14.897 ; 14.897
14.8669 ; 14.8669
14.9565 ; 14.9565
14.8465 ; 14.8465
14.9493 ; 14.9493
14.8695 ; 14.8695
14.9269 ; 14.9269
14.875 ; 14.875
14.9773 ; 14.9773
14.8534 ; 14.8534
14.8856 ; 14.8856
14.8599 ; 14.8599
14.9111 ; 14.9111
14.85 ; 14.85
14.9551 ; 14.955
14.85 ; 14.85
14.9019 ; 14.9019
14.8879 ; 14.8879
14.909 ; 14.909
14.8577 ; 14.8577
14.9469 ; 14.9469
14.9643 ; 14.9643
14.9483 ; 14.9483
14.8714 ; 14.8714
14.9385 ; 14.9385
14.8572 ; 14.8572
15.0143 ; 15.0143
14.8895 ; 14.8895
14.9582 ; 14.9582
14.9308 ; 14.9308
14.9456 ; 14.9456
14.9044 ; 14.9044
15.0049 ; 15.0048
14.907 ; 14.907
14.9805 ; 14.9805
14.9016 ; 14.9016
15.0158 ; 15.0158
14.9147 ; 14.9147
14.9687 ; 14.9687
14.9395 ; 14.9395
14.9441 ; 14.9441
14.9272 ; 14.9272
14.9716 ; 14.9716
14.9334 ; 14.9334
14.9729 ; 14.9729
14.9267 ; 14.9267
14.9335 ; 14.9335
14.9235 ; 14.9235
14.9478 ; 14.9478
14.9398 ; 14.9398
14.9489 ; 14.9489
14.8912 ; 14.8912
14.9518 ; 14.9518
14.9819 ; 14.9819
14.9464 ; 14.9463
14.9405 ; 14.9404
14.9211 ; 14.9211
14.8982 ; 14.8982
14.9228 ; 14.9228
14.8988 ; 14.8988
14.925 ; 14.925
14.9406 ; 14.9406
14.9232 ; 14.9232
14.9137 ; 14.9137
14.9589 ; 14.9588
14.8738 ; 14.8738
14.9631 ; 14.9631
14.9608 ; 14.9608
14.9687 ; 14.9687
14.9787 ; 14.9787
14.9354 ; 14.9354
14.936 ; 14.936
14.9568 ; 14.9568
14.9509 ; 14.9509
14.938 ; 14.938
14.9557 ; 14.9557
14.9444 ; 14.9444
14.9158 ; 14.9158
14.9299 ; 14.9299
14.91 ; 14.91
14.9926 ; 14.9926
14.949 ; 14.949
14.91 ; 14.91
14.9614 ; 14.9614
14.9186 ; 14.9185
