0.0898777 ; 0.0898312
0.0821515 ; 0.0821489
0.0819479 ; 0.0819473
0.0826146 ; 0.0826135
0.086632 ; 0.086631
0.0826108 ; 0.0826103
0.0915357 ; 0.0915352
0.0874943 ; 0.0874938
0.0835799 ; 0.0835795
0.0835393 ; 0.0835385
0.0839146 ; 0.0839138
0.0842788 ; 0.084278
0.0837204 ; 0.08372
0.0841107 ; 0.0841102
0.0845219 ; 0.0845215
0.0838601 ; 0.0838596
0.0847905 ; 0.0847903
0.0846885 ; 0.0846882
0.0838701 ; 0.0838695
0.0844782 ; 0.0844776
0.0862298 ; 0.0862294
0.0859623 ; 0.0859614
0.084175 ; 0.0841742
0.084636 ; 0.0846351
0.0848449 ; 0.0848443
0.0856521 ; 0.0856513
0.0844691 ; 0.0844684
0.0848165 ; 0.084816
0.0848429 ; 0.0848424
0.0843012 ; 0.0843006
0.0881551 ; 0.0881542
0.0850726 ; 0.085072
0.0844469 ; 0.0844462
0.0851304 ; 0.0851299
0.0840763 ; 0.0840758
0.0842408 ; 0.0842403
0.0843406 ; 0.0843401
0.083895 ; 0.0838944
0.0840568 ; 0.0840561
0.0848846 ; 0.0848838
0.0837495 ; 0.083749
0.0852025 ; 0.0852021
0.0854307 ; 0.0854301
0.0912411 ; 0.0912405
0.0894734 ; 0.0894726
0.0869688 ; 0.0869682
0.08663 ; 0.0866293
0.0860984 ; 0.086098
0.0861924 ; 0.0861916
0.0880318 ; 0.0880311
0.0864218 ; 0.0864211
0.0862795 ; 0.0862787
0.0860449 ; 0.0860444
0.0860176 ; 0.0860169
0.0862273 ; 0.0862265
0.086059 ; 0.0860585
0.0863364 ; 0.0863361
0.0857642 ; 0.0857637
0.0859062 ; 0.0859055
0.0880005 ; 0.0879999
0.0858274 ; 0.0858269
0.0860261 ; 0.0860255
0.0859879 ; 0.0859873
0.0861441 ; 0.0861436
0.0864799 ; 0.0864791
0.0862599 ; 0.0862591
0.0863335 ; 0.0863325
0.0863086 ; 0.0863079
0.0862412 ; 0.0862408
0.0863218 ; 0.086321
0.0863201 ; 0.0863196
0.086299 ; 0.0862985
0.0864794 ; 0.0864789
0.0864242 ; 0.0864238
0.086164 ; 0.0861631
0.085954 ; 0.0859532
0.0861604 ; 0.0861597
0.0861918 ; 0.0861909
0.0861855 ; 0.0861852
0.0910467 ; 0.091046
0.0932451 ; 0.0932448
0.0854592 ; 0.0854589
0.0854985 ; 0.0854977
0.0856037 ; 0.0856032
0.0854656 ; 0.0854649
0.085195 ; 0.0851944
0.0855795 ; 0.0855786
0.0857211 ; 0.0857206
0.0858405 ; 0.0858397
0.0857524 ; 0.0857518
0.0868783 ; 0.0868774
0.0860999 ; 0.0860993
0.0856325 ; 0.0856319
0.0859382 ; 0.0859373
0.0858271 ; 0.0858265
0.0861586 ; 0.0861579
0.0860433 ; 0.0860428
0.0860338 ; 0.0860328
0.0859398 ; 0.0859393
0.0857621 ; 0.0857613
0.0864043 ; 0.0864038
0.0861652 ; 0.0861647
0.0864419 ; 0.0864416
0.0859971 ; 0.0859966
0.0860947 ; 0.0860942
0.0858436 ; 0.085843
0.086258 ; 0.0862575
0.0871509 ; 0.0871499
0.0860103 ; 0.0860097
0.0860009 ; 0.0860001
0.0860449 ; 0.0860443
0.0860864 ; 0.086086
0.0856581 ; 0.0856576
0.0871598 ; 0.0871592
0.0861375 ; 0.086137
0.086233 ; 0.0862324
0.0862413 ; 0.0862405
0.086178 ; 0.0861775
0.0863185 ; 0.086318
0.0862543 ; 0.0862538
0.086519 ; 0.0865185
0.0863886 ; 0.0863879
0.0863385 ; 0.0863377
0.0861693 ; 0.086169
0.0862076 ; 0.0862068
0.0857811 ; 0.0857806
0.0860797 ; 0.0860789
0.0859696 ; 0.085969
0.0861092 ; 0.0861085
0.0861467 ; 0.0861464
0.0861712 ; 0.0861603
0.0861036 ; 0.0861028
0.0857793 ; 0.0857785
0.0858982 ; 0.0858975
0.0861565 ; 0.0861554
0.0861059 ; 0.086105
0.0860806 ; 0.0860799
0.0860113 ; 0.0860105
0.0857059 ; 0.0857052
0.0874017 ; 0.0874011
0.0862392 ; 0.0862387
0.0860687 ; 0.0860681
0.0861554 ; 0.0861549
0.0861544 ; 0.0861537
0.0859385 ; 0.0859379
0.086219 ; 0.0862181
0.0859237 ; 0.0859232
0.0860011 ; 0.0860008
0.085958 ; 0.0859575
0.0861016 ; 0.0861007
0.0861652 ; 0.0861646
0.0860986 ; 0.0860978
0.0860299 ; 0.0860292
0.086077 ; 0.0860764
0.0917546 ; 0.0917541
0.0874305 ; 0.0874297
0.0851662 ; 0.0851656
0.0853752 ; 0.0853743
0.0854377 ; 0.0854372
0.0851655 ; 0.085165
0.0852673 ; 0.0852671
0.0854027 ; 0.085402
0.085198 ; 0.0851975
0.0855817 ; 0.0855812
0.0854091 ; 0.0854082
0.0852352 ; 0.0852346
0.0853599 ; 0.0853594
0.0851233 ; 0.0851226
0.0856308 ; 0.0856303
0.0853298 ; 0.0853293
0.0853836 ; 0.0853829
0.0854358 ; 0.0854351
0.0851546 ; 0.0851541
0.0857787 ; 0.0857781
0.0855762 ; 0.0855756
0.0852886 ; 0.0852877
0.0853011 ; 0.0853003
0.0851781 ; 0.0851774
0.0855042 ; 0.0855032
0.0857267 ; 0.0857259
0.0854553 ; 0.0854547
0.0854741 ; 0.0854732
0.0851668 ; 0.0851662
0.0853808 ; 0.0853799
0.0853739 ; 0.0853734
0.0854176 ; 0.0854171
0.0852408 ; 0.0852402
0.0855407 ; 0.0855401
0.0852241 ; 0.085223
0.0853495 ; 0.0853487
0.0855092 ; 0.0855087
0.0856654 ; 0.0856646
0.0856691 ; 0.0856684
0.0853657 ; 0.0853651
0.0856923 ; 0.0856918
0.0855292 ; 0.0855283
0.0867396 ; 0.0867388
0.0853068 ; 0.0853061
0.0856472 ; 0.0856465
0.0855613 ; 0.085561
0.0855865 ; 0.0855863
