0.0030598 ; 0.00303149
0.00315675 ; 0.00315613
0.00335906 ; 0.00335893
0.0026001 ; 0.00260002
0.00266898 ; 0.00266888
0.00260563 ; 0.00260554
0.00269039 ; 0.00269031
0.00259565 ; 0.00259555
0.00268179 ; 0.0026817
0.0026045 ; 0.00260442
0.00268574 ; 0.00268565
0.00260855 ; 0.00260847
0.00267443 ; 0.00267435
0.00259942 ; 0.00259933
0.00268466 ; 0.00268458
0.00259396 ; 0.00259388
0.00266869 ; 0.0026686
0.0026292 ; 0.0026291
0.00266663 ; 0.00266653
0.0026011 ; 0.00260101
0.00266592 ; 0.00266584
0.00261092 ; 0.00261083
0.00267615 ; 0.00267606
0.00259157 ; 0.00259148
0.00266789 ; 0.0026678
0.00262183 ; 0.00262177
0.00266891 ; 0.00266882
0.00258593 ; 0.00258584
0.00266794 ; 0.00266784
0.00259713 ; 0.00259705
0.00266972 ; 0.00266963
0.00259162 ; 0.00259153
0.00266279 ; 0.00266271
0.00261644 ; 0.00261636
0.00266298 ; 0.0026629
0.00258188 ; 0.00258179
0.00268192 ; 0.00268183
0.00258838 ; 0.00258828
0.00266003 ; 0.00265994
0.00258656 ; 0.00258646
0.00268608 ; 0.002686
0.0025824 ; 0.0025823
0.00266597 ; 0.00266588
0.0025851 ; 0.00258502
0.00268613 ; 0.00268604
0.00259939 ; 0.0025993
0.00266164 ; 0.00266156
0.0025977 ; 0.00259761
0.00269567 ; 0.00269558
0.00259847 ; 0.00259838
0.00267361 ; 0.00267351
0.00261061 ; 0.00261053
0.00266369 ; 0.00266344
0.00259715 ; 0.00259706
0.0026622 ; 0.0026621
0.00261122 ; 0.00261112
0.00266993 ; 0.00266984
0.0025935 ; 0.00259341
0.00267121 ; 0.00267112
0.00260518 ; 0.00260508
0.0026759 ; 0.00267581
0.00259168 ; 0.00259159
0.00267296 ; 0.00267287
0.00259669 ; 0.00259661
0.00266735 ; 0.00266726
0.00259172 ; 0.00259165
0.00351282 ; 0.00351271
0.00259134 ; 0.00259126
0.00266093 ; 0.00266086
0.00259284 ; 0.00259275
0.00269449 ; 0.0026944
0.00258946 ; 0.00258936
0.00266679 ; 0.00266672
0.00259661 ; 0.00259652
0.00268283 ; 0.00268274
0.00258805 ; 0.00258798
0.00267836 ; 0.00267827
0.00258511 ; 0.00258502
0.00268084 ; 0.00268075
0.00258834 ; 0.00258825
0.00266401 ; 0.00266392
0.00260728 ; 0.0026072
0.00266819 ; 0.00266809
0.00258343 ; 0.00258333
0.00266785 ; 0.00266776
0.00260332 ; 0.00260323
0.00266797 ; 0.00266789
0.0025894 ; 0.00258932
0.00266692 ; 0.00266683
0.00261237 ; 0.00261228
0.00267098 ; 0.00267091
0.00258693 ; 0.00258684
0.0026726 ; 0.00267252
0.0026048 ; 0.00260473
0.00267179 ; 0.0026717
0.00259224 ; 0.00259215
0.00268497 ; 0.00268488
0.00258812 ; 0.00258803
0.0026709 ; 0.00267082
0.00258508 ; 0.002585
0.00269074 ; 0.00269066
0.00259609 ; 0.00259603
0.00267005 ; 0.00266996
0.00261421 ; 0.00261412
0.00269398 ; 0.00269389
0.00258614 ; 0.00258606
0.00266902 ; 0.00266893
0.00259052 ; 0.00259044
0.00269899 ; 0.00269891
0.00259415 ; 0.00259405
0.0026625 ; 0.00266242
0.00258845 ; 0.00258836
0.00268336 ; 0.00268328
0.00258451 ; 0.00258442
0.0026692 ; 0.00266911
0.00260366 ; 0.00260358
0.00266263 ; 0.00266255
0.00259408 ; 0.00259399
0.00266593 ; 0.00266584
0.00261765 ; 0.00261754
0.00267166 ; 0.00267157
0.00258921 ; 0.00258912
0.00266125 ; 0.00266116
0.00259725 ; 0.00259715
0.00266825 ; 0.00266817
0.00258979 ; 0.0025897
0.00266558 ; 0.0026655
0.00260805 ; 0.00260797
0.00266602 ; 0.00266593
0.00259312 ; 0.00259303
0.00266399 ; 0.00266391
0.00260322 ; 0.00260313
0.00266687 ; 0.00266679
0.00258853 ; 0.00258845
0.00267727 ; 0.00267718
0.00258418 ; 0.00258411
0.00267081 ; 0.00267074
0.00259951 ; 0.00259942
0.00269877 ; 0.00269868
0.00259745 ; 0.00259735
0.00267872 ; 0.00267864
0.00259267 ; 0.00259257
0.00268731 ; 0.00268722
0.00259359 ; 0.0025935
0.00267156 ; 0.00267146
0.00259886 ; 0.00259876
0.00269708 ; 0.002697
0.00259071 ; 0.00259062
0.00267698 ; 0.0026769
0.00259095 ; 0.00259086
0.00268983 ; 0.00268974
0.00260108 ; 0.00260099
0.00266798 ; 0.0026679
0.00261962 ; 0.00261954
0.00267859 ; 0.0026785
0.00259595 ; 0.00259586
0.0026729 ; 0.0026728
0.00263103 ; 0.00263094
0.00266647 ; 0.00266638
0.00259519 ; 0.00259511
0.00267504 ; 0.00267496
0.00259693 ; 0.00259686
0.00267275 ; 0.00267266
0.00259562 ; 0.00259553
0.00267494 ; 0.00267485
0.00262129 ; 0.0026212
0.00267209 ; 0.002672
0.00259977 ; 0.00259968
0.00269738 ; 0.0026973
0.00258889 ; 0.0025888
0.00268032 ; 0.00268023
0.00259631 ; 0.00259621
0.00269962 ; 0.00269953
0.00260231 ; 0.00260222
0.00267191 ; 0.0026718
0.00258986 ; 0.00258976
0.00269914 ; 0.00269905
0.00259321 ; 0.00259312
0.00266967 ; 0.00266958
0.00259432 ; 0.00259424
0.0026919 ; 0.00269181
0.00259829 ; 0.0025982
0.00267068 ; 0.0026706
0.00259596 ; 0.00259587
0.00268911 ; 0.00268902
0.00260235 ; 0.00260228
0.00266758 ; 0.0026675
0.0026188 ; 0.00261872
0.00267353 ; 0.00267344
0.00259241 ; 0.00259232
0.00266886 ; 0.00266877
0.00259793 ; 0.00259784
0.00266797 ; 0.0026679
0.00259844 ; 0.00259836
0.00267732 ; 0.00267723
0.00260291 ; 0.00260282
0.00268678 ; 0.00268669
0.00262457 ; 0.00262448
0.00267587 ; 0.00267579
0.00260667 ; 0.00260657
0.00267398 ; 0.00267389
