0.0607914 ; 0.0607482
0.0548631 ; 0.0548609
0.054616 ; 0.0546153
0.0548635 ; 0.0548629
0.0548793 ; 0.0548785
0.0549871 ; 0.0549866
0.0552327 ; 0.0552319
0.0552374 ; 0.0552363
0.055358 ; 0.0553572
0.0553455 ; 0.0553448
0.0554116 ; 0.0554108
0.0562778 ; 0.056277
0.0555559 ; 0.0555551
0.0559844 ; 0.0559836
0.0558824 ; 0.0558819
0.0559638 ; 0.055963
0.0557339 ; 0.0557336
0.0559363 ; 0.0559355
0.0558743 ; 0.0558732
0.0562671 ; 0.0562665
0.0566048 ; 0.056604
0.0560427 ; 0.0560421
0.0568335 ; 0.0568326
0.056012 ; 0.0560114
0.0569628 ; 0.0569621
0.0560947 ; 0.056094
0.0562196 ; 0.0562188
0.0571045 ; 0.0571037
0.0561526 ; 0.0561521
0.0572358 ; 0.0572351
0.0562224 ; 0.0562217
0.0590209 ; 0.0590201
0.0562758 ; 0.0562753
0.0564137 ; 0.056413
0.0562314 ; 0.0562309
0.0565037 ; 0.0565029
0.0564696 ; 0.0564689
0.0566896 ; 0.0566894
0.0568378 ; 0.0568371
0.0595698 ; 0.059569
0.0572417 ; 0.0572412
0.0561484 ; 0.056148
0.0563627 ; 0.056362
0.0561149 ; 0.0561139
0.0572449 ; 0.0572442
0.0561114 ; 0.0561108
0.056556 ; 0.0565553
0.0561565 ; 0.056156
0.0562839 ; 0.0562836
0.0562381 ; 0.0562375
0.0574114 ; 0.0574111
0.0561513 ; 0.056151
0.0563303 ; 0.0563295
0.056132 ; 0.0561314
0.0563825 ; 0.0563822
0.0561119 ; 0.0561111
0.0564606 ; 0.05646
0.0561226 ; 0.0561221
0.0564397 ; 0.0564391
0.056038 ; 0.0560375
0.0564641 ; 0.0564635
0.0561016 ; 0.0561007
0.056444 ; 0.0564432
0.0560693 ; 0.0560685
0.0564042 ; 0.0564037
0.056148 ; 0.0561472
0.0562887 ; 0.0562879
0.0560857 ; 0.0560852
0.0563869 ; 0.0563863
0.0561318 ; 0.0561311
0.0564274 ; 0.0564271
0.0561655 ; 0.0561651
0.056307 ; 0.0563067
0.0561455 ; 0.0561448
0.057481 ; 0.0574805
0.0562469 ; 0.0562464
0.0563048 ; 0.0563045
0.0563176 ; 0.0563171
0.0562852 ; 0.0562844
0.0561592 ; 0.0561586
0.0567349 ; 0.0567344
0.0561475 ; 0.0561468
0.0563599 ; 0.0563591
0.0562261 ; 0.0562255
0.0566575 ; 0.0566569
0.0561664 ; 0.0561656
0.0563699 ; 0.0563693
0.0561838 ; 0.0561832
0.0565182 ; 0.0565179
0.0566025 ; 0.0566021
0.056707 ; 0.0567062
0.0560723 ; 0.0560719
0.056292 ; 0.0562912
0.0560825 ; 0.0560818
0.0599827 ; 0.0599822
0.0575185 ; 0.057518
0.0578353 ; 0.0578348
0.0580584 ; 0.0580579
0.0599998 ; 0.0599993
0.057958 ; 0.057957
0.059375 ; 0.0593746
0.0579046 ; 0.0579041
0.0575882 ; 0.0575876
0.0582244 ; 0.0582238
0.0576086 ; 0.0576079
0.0571976 ; 0.0571967
0.0573394 ; 0.0573388
0.0578264 ; 0.0578258
0.0572735 ; 0.0572727
0.0573932 ; 0.0573925
0.0575747 ; 0.0575741
0.057448 ; 0.0574474
0.0573434 ; 0.0573427
0.0574013 ; 0.0574008
0.0571728 ; 0.0571722
0.0571406 ; 0.0571398
0.0573538 ; 0.0573533
0.057195 ; 0.0571943
0.0574257 ; 0.0574251
0.0576938 ; 0.0576931
0.0571284 ; 0.057128
0.0576256 ; 0.0576251
0.057284 ; 0.0572835
0.0574706 ; 0.05747
0.0573649 ; 0.0573643
0.0572276 ; 0.057227
0.0574203 ; 0.0574198
0.0575462 ; 0.0575455
0.0587167 ; 0.0587161
0.0572267 ; 0.0572264
0.0574986 ; 0.057498
0.0574948 ; 0.0574942
0.0573582 ; 0.0573578
0.0575948 ; 0.0575943
0.0573723 ; 0.0573719
0.057259 ; 0.0572586
0.0572638 ; 0.0572632
0.0573163 ; 0.0573156
0.0575263 ; 0.0575254
0.0573287 ; 0.0573283
0.0573626 ; 0.0573621
0.0574226 ; 0.057422
0.0573214 ; 0.0573208
0.0573117 ; 0.0573109
0.0573173 ; 0.0573168
0.057129 ; 0.0571284
0.057478 ; 0.0574774
0.0572974 ; 0.0572968
0.0572895 ; 0.0572889
0.0573902 ; 0.0573897
0.0573164 ; 0.0573158
0.057384 ; 0.0573835
0.0573846 ; 0.0573839
0.0573576 ; 0.0573569
0.0573649 ; 0.0573643
0.0572976 ; 0.0572969
0.0573862 ; 0.0573856
0.0572478 ; 0.0572471
0.0574993 ; 0.0574988
0.0574126 ; 0.057412
0.0574467 ; 0.0574461
0.0572087 ; 0.0572081
0.0576895 ; 0.057689
0.0572991 ; 0.0572985
0.0580957 ; 0.0580952
0.057292 ; 0.0572915
0.060494 ; 0.0604934
0.0577095 ; 0.0577089
0.0574605 ; 0.0574599
0.0573325 ; 0.0573315
0.0574565 ; 0.0574558
0.0572899 ; 0.0572893
0.0573539 ; 0.057353
0.0575773 ; 0.0575766
0.0574224 ; 0.0574218
0.0572469 ; 0.0572461
0.0574106 ; 0.0574101
0.057279 ; 0.0572781
0.0573997 ; 0.0573989
0.0572897 ; 0.057289
0.0573946 ; 0.057394
0.0572177 ; 0.057217
0.0573719 ; 0.0573714
0.0572808 ; 0.0572802
0.057484 ; 0.0574835
0.0572174 ; 0.0572167
0.0577204 ; 0.0577198
0.0574905 ; 0.05749
0.0573406 ; 0.05734
0.0572882 ; 0.0572876
0.0574993 ; 0.0574992
0.0573442 ; 0.0573435
0.0576872 ; 0.0576866
0.0571954 ; 0.0571946
0.0573716 ; 0.0573707
0.0572374 ; 0.0572367
0.05742 ; 0.0574194
0.0572484 ; 0.0572476
0.0579873 ; 0.0579868
0.0573081 ; 0.0573076
0.0573936 ; 0.0573931
