0.0517873 ; 0.0517438
0.0425911 ; 0.0425883
0.0415553 ; 0.0415545
0.0416201 ; 0.0416195
0.041588 ; 0.0415874
0.0416629 ; 0.041662
0.0418446 ; 0.0418441
0.0419604 ; 0.0419592
0.0417407 ; 0.0417399
0.0423106 ; 0.04231
0.0418957 ; 0.0418949
0.0421112 ; 0.0421104
0.0420761 ; 0.0420756
0.0426286 ; 0.0426283
0.0422005 ; 0.0421998
0.0425188 ; 0.042518
0.0422521 ; 0.0422514
0.0424279 ; 0.0424271
0.0423755 ; 0.0423746
0.0427609 ; 0.0427603
0.0423241 ; 0.0423233
0.0469932 ; 0.0469923
0.0422049 ; 0.0422044
0.0427157 ; 0.042715
0.0431906 ; 0.04319
0.0426534 ; 0.0426527
0.0422631 ; 0.0422624
0.0425947 ; 0.0425941
0.0423152 ; 0.0423147
0.0425638 ; 0.042563
0.0424144 ; 0.0424139
0.0433451 ; 0.0433445
0.0433936 ; 0.0433926
0.0426666 ; 0.0426658
0.0439021 ; 0.0439013
0.0423931 ; 0.0423928
0.0431691 ; 0.0431683
0.0428302 ; 0.0428296
0.0455713 ; 0.0455707
0.0457692 ; 0.0457685
0.0420111 ; 0.0420106
0.043532 ; 0.0435314
0.0424341 ; 0.0424338
0.0426063 ; 0.0426056
0.0423966 ; 0.0423965
0.0435645 ; 0.043564
0.0422952 ; 0.0422944
0.042745 ; 0.0427444
0.0426656 ; 0.0426647
0.0425206 ; 0.0425198
0.042783 ; 0.0427822
0.0424706 ; 0.0424699
0.0428388 ; 0.0428383
0.0426224 ; 0.042622
0.0425935 ; 0.0425926
0.0435552 ; 0.0435546
0.0423908 ; 0.0423902
0.0427356 ; 0.0427349
0.042598 ; 0.0425976
0.0426397 ; 0.0426392
0.0425518 ; 0.0425513
0.042522 ; 0.0425215
0.0424856 ; 0.042485
0.0428321 ; 0.0428315
0.0499096 ; 0.049909
0.0424688 ; 0.0424684
0.0425012 ; 0.0425003
0.0426027 ; 0.0426023
0.0424909 ; 0.0424905
0.0463931 ; 0.0463923
0.0425794 ; 0.0425788
0.0426313 ; 0.0426308
0.0425447 ; 0.042544
0.0426474 ; 0.0426469
0.0455381 ; 0.0455377
0.0429242 ; 0.0429238
0.0425118 ; 0.0425112
0.0426097 ; 0.0426091
0.0426065 ; 0.0426058
0.042507 ; 0.0425064
0.0425021 ; 0.0425017
0.0427122 ; 0.0427117
0.0425582 ; 0.0425577
0.0426972 ; 0.0426967
0.0424956 ; 0.0424949
0.0426723 ; 0.0426717
0.0424106 ; 0.0424101
0.0426103 ; 0.0426098
0.0425102 ; 0.0425098
0.0427362 ; 0.0427355
0.0426497 ; 0.042649
0.0426907 ; 0.0426902
0.0426575 ; 0.042657
0.0427895 ; 0.0427889
0.0425979 ; 0.0425974
0.0427667 ; 0.0427661
0.0426684 ; 0.0426678
0.0427095 ; 0.042709
0.042498 ; 0.0424974
0.0427406 ; 0.0427402
0.0425942 ; 0.0425934
0.042674 ; 0.0426735
0.0425085 ; 0.042508
0.0428411 ; 0.0428406
0.0430301 ; 0.0430294
0.0427491 ; 0.0427482
0.0425157 ; 0.0425152
0.0427316 ; 0.0427309
0.0425844 ; 0.0425834
0.0433721 ; 0.0433715
0.0423899 ; 0.0423894
0.0426956 ; 0.042695
0.0424618 ; 0.0424612
0.0426547 ; 0.0426542
0.0425488 ; 0.0425482
0.0426943 ; 0.0426937
0.0455604 ; 0.0455585
0.0424996 ; 0.0424993
0.0426043 ; 0.0426035
0.0426949 ; 0.0426944
0.0425231 ; 0.0425226
0.0425383 ; 0.0425374
0.0426352 ; 0.0426345
0.0427381 ; 0.0427376
0.0423952 ; 0.0423945
0.042589 ; 0.0425885
0.0425271 ; 0.0425266
0.0428166 ; 0.042816
0.0428735 ; 0.042873
0.0425328 ; 0.042532
0.0427599 ; 0.0427596
0.0426118 ; 0.0426112
0.0424908 ; 0.0424901
0.042596 ; 0.0425955
0.0433635 ; 0.043363
0.0425931 ; 0.0425924
0.0425274 ; 0.0425268
0.0425972 ; 0.0425967
0.0426465 ; 0.042646
0.0428421 ; 0.0428415
0.0432754 ; 0.0432747
0.0428819 ; 0.0428813
0.0425399 ; 0.0425394
0.0426565 ; 0.0426559
0.0424772 ; 0.0424764
0.0428535 ; 0.042853
0.0429727 ; 0.0429724
0.0427324 ; 0.0427316
0.0424209 ; 0.0424205
0.0427105 ; 0.0427099
0.0425332 ; 0.0425327
0.0427121 ; 0.0427116
0.0424673 ; 0.0424667
0.0426859 ; 0.0426853
0.0424805 ; 0.04248
0.0427102 ; 0.0427097
0.0425437 ; 0.0425431
0.0508363 ; 0.0508358
0.051738 ; 0.0517372
0.0452739 ; 0.0452737
0.0423401 ; 0.0423395
0.0428983 ; 0.0428977
0.0422037 ; 0.0422031
0.042355 ; 0.0423541
0.042178 ; 0.0421775
0.0424134 ; 0.0424124
0.0421755 ; 0.042175
0.042437 ; 0.0424364
0.0422401 ; 0.0422392
0.0423576 ; 0.042357
0.0422287 ; 0.042228
0.0423315 ; 0.0423308
0.0425761 ; 0.0425756
0.0424751 ; 0.0424743
0.0422076 ; 0.0422069
0.0424445 ; 0.042444
0.0422354 ; 0.0422347
0.0423932 ; 0.0423922
0.0423104 ; 0.0423096
0.0423989 ; 0.0423984
0.0421924 ; 0.0421914
0.0424278 ; 0.0424273
0.0424123 ; 0.0424116
0.0466821 ; 0.0466812
0.0423225 ; 0.042322
0.0436546 ; 0.043654
0.0420169 ; 0.0420166
0.042374 ; 0.0423736
0.0421974 ; 0.042197
0.0423938 ; 0.0423933
0.0423626 ; 0.042362
0.0423905 ; 0.0423894
0.0423165 ; 0.0423156
0.0423673 ; 0.0423669
0.042152 ; 0.0421517
0.0424843 ; 0.0424837
0.0421612 ; 0.0421605
0.0424696 ; 0.0424689
0.0421489 ; 0.0421482
0.0424739 ; 0.042473
0.0422308 ; 0.0422302
