0.0232008 ; 0.0231516
0.0197432 ; 0.0197411
0.0196491 ; 0.0196484
0.0198054 ; 0.0198044
0.0197459 ; 0.0197456
0.02061 ; 0.0206093
0.0196811 ; 0.0196804
0.0198353 ; 0.0198346
0.0197725 ; 0.0197715
0.019872 ; 0.0198713
0.0202005 ; 0.0202001
0.0198977 ; 0.0198971
0.0166838 ; 0.0166832
0.0170333 ; 0.0170327
0.0169532 ; 0.0169525
0.0170438 ; 0.0170433
0.0173156 ; 0.0173149
0.0169809 ; 0.0169804
0.0169746 ; 0.0169737
0.017064 ; 0.0170635
0.0171251 ; 0.0171245
0.0170212 ; 0.0170205
0.0170845 ; 0.0170839
0.0171267 ; 0.017126
0.0170837 ; 0.0170828
0.0173917 ; 0.0173908
0.0171384 ; 0.017138
0.0171725 ; 0.0171718
0.0171387 ; 0.0171378
0.0171636 ; 0.0171627
0.0171476 ; 0.0171467
0.0172421 ; 0.0172414
0.0174196 ; 0.0174188
0.0172165 ; 0.0172157
0.0172556 ; 0.017255
0.0172164 ; 0.0172158
0.0171328 ; 0.0171318
0.017204 ; 0.0172034
0.0172247 ; 0.0172241
0.0171677 ; 0.0171672
0.0172122 ; 0.0172115
0.0175881 ; 0.0175875
0.0174977 ; 0.017497
0.0172618 ; 0.0172613
0.0172769 ; 0.0172764
0.017322 ; 0.0173214
0.0172679 ; 0.0172673
0.0172376 ; 0.0172365
0.0173038 ; 0.0173027
0.0176629 ; 0.0176623
0.0173008 ; 0.0173001
0.0172652 ; 0.0172644
0.0173319 ; 0.017331
0.017351 ; 0.0173502
0.0177425 ; 0.0177419
0.0175682 ; 0.0175676
0.0173525 ; 0.0173517
0.0173635 ; 0.0173629
0.0174259 ; 0.0174252
0.0173194 ; 0.0173184
0.0173672 ; 0.0173663
0.0173223 ; 0.0173218
0.0173484 ; 0.0173481
0.0173282 ; 0.0173275
0.0179408 ; 0.0179401
0.0176321 ; 0.0176313
0.0173591 ; 0.0173585
0.0173711 ; 0.0173704
0.0173617 ; 0.0173609
0.0173969 ; 0.0173964
0.0173863 ; 0.0173855
0.0173545 ; 0.0173537
0.0173408 ; 0.01734
0.0197057 ; 0.0197051
0.0172188 ; 0.0172181
0.0174098 ; 0.0174089
0.0173451 ; 0.0173443
0.0174169 ; 0.0174162
0.0177298 ; 0.0177289
0.0173144 ; 0.0173137
0.0173413 ; 0.0173407
0.0174502 ; 0.0174496
0.0176577 ; 0.0176569
0.0180525 ; 0.0180518
0.0172881 ; 0.0172874
0.0174393 ; 0.0174387
0.0177132 ; 0.0177127
0.0175008 ; 0.0175
0.0173497 ; 0.017349
0.0174568 ; 0.0174563
0.0174331 ; 0.0174325
0.017473 ; 0.0174722
0.0179176 ; 0.0179171
0.0176758 ; 0.017675
0.0174398 ; 0.0174392
0.0174728 ; 0.017472
0.0174142 ; 0.0174136
0.0174645 ; 0.017464
0.0174171 ; 0.0174165
0.0174712 ; 0.0174705
0.017364 ; 0.0173634
0.0180719 ; 0.0180712
0.0176956 ; 0.017695
0.0174794 ; 0.0174786
0.0175122 ; 0.0175114
0.0173637 ; 0.0173632
0.0175044 ; 0.0175038
0.0174406 ; 0.0174399
0.0177963 ; 0.0177953
0.0174598 ; 0.017459
0.0174784 ; 0.0174776
0.0175176 ; 0.017517
0.017478 ; 0.0174774
0.0174017 ; 0.0174008
0.0174733 ; 0.0174728
0.01774 ; 0.0177393
0.0174558 ; 0.017455
0.0173825 ; 0.0173819
0.0174459 ; 0.0174454
0.0174736 ; 0.0174729
0.0174641 ; 0.0174633
0.0174338 ; 0.0174328
0.0174786 ; 0.0174778
0.0174792 ; 0.0174784
0.0175093 ; 0.017509
0.0173895 ; 0.0173888
0.0174893 ; 0.0174889
0.017456 ; 0.0174552
0.0177943 ; 0.0177938
0.0174001 ; 0.0173994
0.0174545 ; 0.0174535
0.017476 ; 0.0174752
0.0174897 ; 0.0174891
0.0173946 ; 0.0173938
0.0174996 ; 0.017499
0.0177745 ; 0.0177741
0.0174804 ; 0.0174798
0.0174343 ; 0.0174335
0.0174648 ; 0.0174642
0.0174678 ; 0.017467
0.0178027 ; 0.0178017
0.0177128 ; 0.0177119
0.0174046 ; 0.0174039
0.0174784 ; 0.0174779
0.0174792 ; 0.0174784
0.0174464 ; 0.0174457
0.0174554 ; 0.017454
0.0177619 ; 0.0177611
0.0174917 ; 0.0174911
0.0175182 ; 0.0175172
0.0173611 ; 0.0173601
0.0174991 ; 0.0174986
0.0239524 ; 0.0239518
0.0175373 ; 0.0175367
0.0174953 ; 0.0174947
0.0174521 ; 0.0174513
0.0174762 ; 0.0174755
0.0174061 ; 0.0174055
0.0175117 ; 0.017511
0.0175468 ; 0.0175462
0.0174304 ; 0.0174299
0.01738 ; 0.0173791
0.0174936 ; 0.0174928
0.0174877 ; 0.0174869
0.0174463 ; 0.0174458
0.0174518 ; 0.0174508
0.0174548 ; 0.0174543
0.0174567 ; 0.0174559
0.0177499 ; 0.0177493
0.0174287 ; 0.0174282
0.0174645 ; 0.0174639
0.0175468 ; 0.0175461
0.0175218 ; 0.017521
0.0174317 ; 0.0174312
0.0174958 ; 0.0174953
0.0178197 ; 0.0178187
0.0221996 ; 0.0221987
0.017087 ; 0.0170867
0.0174392 ; 0.0174384
0.0173912 ; 0.0173905
0.0174447 ; 0.0174439
0.0174113 ; 0.0174107
0.0177299 ; 0.0177293
0.0173956 ; 0.0173946
0.0174082 ; 0.0174074
0.0174158 ; 0.0174152
0.0173561 ; 0.0173554
0.017396 ; 0.0173955
0.0173743 ; 0.0173735
0.0174439 ; 0.0174431
0.0173337 ; 0.0173329
0.0174062 ; 0.0174058
0.0174133 ; 0.0174125
0.0174422 ; 0.017434
0.0173743 ; 0.0173736
0.0173953 ; 0.0173944
0.017396 ; 0.0173953
0.0173755 ; 0.0173749
0.017335 ; 0.0173342
0.017378 ; 0.0173776
0.0173752 ; 0.0173744
