0.00113163 ; 0.0011035
0.00097019 ; 0.00096964
0.00095162 ; 0.0009515
0.00095508 ; 0.00095501
0.00095573 ; 0.00095568
0.000899919 ; 0.000899849
0.000686134 ; 0.000686074
0.000680544 ; 0.000680484
0.000692345 ; 0.000692294
0.000687064 ; 0.000687004
0.000681944 ; 0.000681884
0.000692534 ; 0.000692474
0.000690795 ; 0.000690735
0.000688394 ; 0.000688334
0.000679004 ; 0.000678944
0.000687814 ; 0.000687765
0.000690895 ; 0.000690835
0.000680165 ; 0.000680105
0.000695814 ; 0.000695754
0.000689814 ; 0.000689765
0.000684344 ; 0.000684264
0.000690605 ; 0.000690535
0.000691694 ; 0.000691634
0.000681374 ; 0.000681314
0.000686074 ; 0.000686014
0.000689224 ; 0.000689164
0.000690275 ; 0.000690215
0.000679384 ; 0.000679324
0.000693435 ; 0.000693375
0.000683454 ; 0.000683394
0.000681244 ; 0.000681184
0.000687834 ; 0.000687774
0.000691035 ; 0.000690975
0.000682054 ; 0.000681994
0.000694424 ; 0.000694374
0.000693594 ; 0.000693534
0.000679974 ; 0.000679914
0.000686515 ; 0.000686455
0.000689614 ; 0.000689564
0.000691635 ; 0.000691575
0.000678524 ; 0.000678464
0.000690304 ; 0.000690244
0.000691615 ; 0.000691544
0.000687345 ; 0.000687285
0.000688704 ; 0.000688644
0.000689885 ; 0.000689825
0.000679874 ; 0.000679814
0.000687674 ; 0.000687614
0.000696654 ; 0.000696594
0.000679354 ; 0.000679294
0.000689634 ; 0.000689574
0.000688784 ; 0.000688724
0.000687315 ; 0.000687244
0.000678574 ; 0.000678514
0.000688285 ; 0.000688225
0.000686644 ; 0.000686584
0.000681294 ; 0.000681234
0.000686265 ; 0.000686205
0.000692904 ; 0.000692844
0.000679664 ; 0.000679604
0.000687904 ; 0.000687844
0.000686435 ; 0.000686365
0.000680014 ; 0.000679954
0.000691644 ; 0.000691594
0.000688454 ; 0.000688374
0.000687575 ; 0.000687515
0.000681515 ; 0.000681455
0.000682194 ; 0.000682134
0.000692015 ; 0.000691965
0.000687874 ; 0.000687814
0.000684015 ; 0.000683955
0.000686495 ; 0.000686435
0.000688174 ; 0.000688124
0.000681214 ; 0.000681154
0.000694514 ; 0.000694454
0.000689005 ; 0.000688945
0.000682334 ; 0.000682274
0.000689905 ; 0.000689835
0.000690014 ; 0.000689954
0.000680465 ; 0.000680405
0.000687464 ; 0.000687415
0.000687165 ; 0.000687095
0.000685414 ; 0.000685354
0.000677024 ; 0.000676964
0.000687545 ; 0.000687495
0.000688445 ; 0.000688385
0.000679194 ; 0.000679134
0.000683464 ; 0.000683404
0.000689704 ; 0.000689654
0.000680364 ; 0.000680314
0.000686314 ; 0.000686254
0.000693504 ; 0.000693444
0.000682154 ; 0.000682085
0.000685664 ; 0.000685604
0.000690105 ; 0.000690055
0.000684294 ; 0.000684234
0.000680424 ; 0.000680364
0.000688465 ; 0.000688405
0.000688724 ; 0.000688664
0.000680944 ; 0.000680884
0.000688564 ; 0.000688514
0.000694535 ; 0.000694475
0.000676484 ; 0.000676414
0.000694565 ; 0.000694505
0.000692824 ; 0.000692764
0.000681935 ; 0.000681875
0.000697364 ; 0.000697304
0.000687925 ; 0.000687855
0.000691544 ; 0.000691474
0.000679935 ; 0.000679875
0.000692955 ; 0.000692895
0.000689595 ; 0.000689535
0.000690565 ; 0.000690494
0.000688134 ; 0.000688074
0.000689924 ; 0.000689844
0.000681594 ; 0.000681534
0.000693015 ; 0.000692965
0.000685804 ; 0.000685744
0.000682785 ; 0.000682725
0.000694174 ; 0.000694124
0.000694855 ; 0.000694795
0.000689764 ; 0.000689694
0.000682045 ; 0.000681985
0.000687394 ; 0.000687334
0.000691684 ; 0.000691624
0.000684704 ; 0.000684644
0.000690325 ; 0.000690265
0.000689254 ; 0.000689194
0.000681894 ; 0.000681834
0.000687495 ; 0.000687435
0.000689904 ; 0.000689834
0.000679344 ; 0.000679284
0.000688495 ; 0.000688444
0.000688814 ; 0.000688744
0.000696515 ; 0.000696455
0.000678874 ; 0.000678814
0.000689165 ; 0.000689105
0.000692014 ; 0.000691944
0.000686975 ; 0.000686915
0.000693104 ; 0.000693044
0.000689414 ; 0.000689345
0.000681724 ; 0.000681654
0.000691134 ; 0.000691074
0.000689044 ; 0.000688984
0.000681565 ; 0.000681505
0.000690834 ; 0.000690774
0.000693345 ; 0.000693275
0.000690524 ; 0.000690464
0.000688015 ; 0.000687945
0.000696264 ; 0.000696204
0.000691335 ; 0.000691264
0.000677024 ; 0.000676964
0.000693295 ; 0.000693235
0.000688364 ; 0.000688294
0.000679555 ; 0.000679495
0.000695145 ; 0.000695094
0.000692125 ; 0.000692055
0.000679544 ; 0.000679484
0.000683185 ; 0.000683125
0.000685995 ; 0.000685944
0.000690804 ; 0.000690744
0.000681344 ; 0.000681284
0.000691394 ; 0.000691334
0.000692285 ; 0.000692215
0.000681934 ; 0.000681874
0.000692035 ; 0.000691975
0.000689004 ; 0.000688944
0.000681214 ; 0.000681154
0.000692584 ; 0.000692524
0.000689675 ; 0.000689615
0.000694124 ; 0.000694064
0.000679584 ; 0.000679524
0.000687904 ; 0.000687844
0.000690375 ; 0.000690315
0.000682194 ; 0.000682134
0.000689064 ; 0.000689014
0.000692585 ; 0.000692525
0.000677484 ; 0.000677424
0.000702355 ; 0.000702295
0.000684364 ; 0.000684294
0.000683674 ; 0.000683614
0.000693904 ; 0.000693854
0.000689655 ; 0.000689595
0.000691514 ; 0.000691454
0.000681154 ; 0.000681094
0.000689094 ; 0.000689045
0.000689934 ; 0.000689874
0.000683384 ; 0.000683324
0.000697274 ; 0.000697224
0.000690544 ; 0.000690484
0.000683024 ; 0.000682974
0.000695014 ; 0.000694965
0.000705585 ; 0.000705515
0.000683434 ; 0.000683364
0.000691125 ; 0.000691065
0.000693084 ; 0.000693024
0.000693775 ; 0.000693715
0.000687274 ; 0.000687214
0.000690914 ; 0.000690865
0.000691655 ; 0.000691605
0.000683345 ; 0.000683285
