0.115645 ; 0.115602
0.0989429 ; 0.0989401
0.0977003 ; 0.0976995
0.0982395 ; 0.0982387
0.0980711 ; 0.0980703
0.099455 ; 0.0994543
0.0989514 ; 0.0989507
0.10353 ; 0.103529
0.0993674 ; 0.0993666
0.0993404 ; 0.0993396
0.0991911 ; 0.0991901
0.0993797 ; 0.0993788
0.100861 ; 0.10086
0.0995049 ; 0.0995043
0.101628 ; 0.101627
0.118314 ; 0.118313
0.104649 ; 0.104648
0.100532 ; 0.100531
0.100161 ; 0.10016
0.112299 ; 0.112298
0.101268 ; 0.101268
0.100537 ; 0.100536
0.0986589 ; 0.0986583
0.0988858 ; 0.098885
0.103606 ; 0.103605
0.101699 ; 0.101698
0.108274 ; 0.108273
0.108767 ; 0.108766
0.103061 ; 0.10306
0.098868 ; 0.0988673
0.0985752 ; 0.0985744
0.0987176 ; 0.0987168
0.0987134 ; 0.0987127
0.0987787 ; 0.098778
0.09932 ; 0.0993193
0.098507 ; 0.0985058
0.103881 ; 0.10388
0.103131 ; 0.10313
0.0994084 ; 0.0994078
0.100453 ; 0.100452
0.0997389 ; 0.0997381
0.0983621 ; 0.0983613
0.0986838 ; 0.098683
0.0988205 ; 0.0988199
0.0995842 ; 0.0995834
0.098522 ; 0.0985211
0.0995467 ; 0.0995459
0.0986511 ; 0.0986503
0.0983264 ; 0.0983255
0.099115 ; 0.0991143
0.098311 ; 0.09831
0.100068 ; 0.100068
0.0996394 ; 0.0996387
0.0985547 ; 0.0985539
0.101618 ; 0.101617
0.106906 ; 0.106905
0.0990938 ; 0.099093
0.0994794 ; 0.0994786
0.0983511 ; 0.0983504
0.10208 ; 0.102079
0.0986255 ; 0.0986246
0.0987085 ; 0.0987078
0.0985546 ; 0.0985539
0.104653 ; 0.104652
0.0998832 ; 0.0998825
0.099016 ; 0.0990151
0.101179 ; 0.101178
0.099071 ; 0.0990703
0.0990509 ; 0.0990501
0.0993522 ; 0.0993513
0.10096 ; 0.100959
0.10122 ; 0.10122
0.0994217 ; 0.0994211
0.0998704 ; 0.0998697
0.0994739 ; 0.0994731
0.0997674 ; 0.0997666
0.0995411 ; 0.0995402
0.0988448 ; 0.0988442
0.0986705 ; 0.0986691
0.0988551 ; 0.0988543
0.0986838 ; 0.0986829
0.0987476 ; 0.0987467
0.102351 ; 0.10235
0.100272 ; 0.100271
0.101247 ; 0.101247
0.100885 ; 0.100884
0.101011 ; 0.10101
0.104046 ; 0.104045
0.0990775 ; 0.0990765
0.0986912 ; 0.0986904
0.0984135 ; 0.0984127
0.0985325 ; 0.0985318
0.0983003 ; 0.0982995
0.0984207 ; 0.09842
0.103593 ; 0.103592
0.100205 ; 0.100204
0.0983237 ; 0.098323
0.0983497 ; 0.098349
0.09839 ; 0.0983893
0.0979086 ; 0.0979078
0.0979334 ; 0.0979323
0.0981871 ; 0.0981863
0.0979949 ; 0.0979942
0.0979078 ; 0.0979071
0.0981729 ; 0.0981722
0.0986424 ; 0.0986416
0.0979784 ; 0.0979776
0.0985951 ; 0.0985943
0.0987957 ; 0.0987951
0.0980308 ; 0.0980301
0.0981033 ; 0.0981026
0.0979825 ; 0.0979818
0.0981106 ; 0.0981097
0.0998679 ; 0.0998669
0.0985054 ; 0.0985047
0.0980845 ; 0.0980837
0.0980298 ; 0.0980291
0.0980679 ; 0.0980671
0.0988773 ; 0.0988765
0.0978322 ; 0.0978314
0.10034 ; 0.100339
0.0980968 ; 0.0980959
0.0981148 ; 0.098114
0.0980467 ; 0.0980459
0.0981445 ; 0.0981438
0.0982388 ; 0.0982382
0.0997754 ; 0.0997747
0.0984029 ; 0.098402
0.098274 ; 0.0982732
0.0979749 ; 0.0979741
0.0981079 ; 0.0981072
0.0981857 ; 0.0981849
0.105782 ; 0.105781
0.10076 ; 0.100759
0.0975993 ; 0.0975986
0.09775 ; 0.0977493
0.0973659 ; 0.0973656
0.0976653 ; 0.0976645
0.0978771 ; 0.0978762
0.0975855 ; 0.0975847
0.0971411 ; 0.0971404
0.0978175 ; 0.0978167
0.0973902 ; 0.0973897
0.0973921 ; 0.0973913
0.100956 ; 0.100955
0.10144 ; 0.10144
0.099176 ; 0.0991755
0.0976144 ; 0.0976139
0.0979013 ; 0.097901
0.0974033 ; 0.0974025
0.0971246 ; 0.0971239
0.0975679 ; 0.0975671
0.0976463 ; 0.0976456
0.09752 ; 0.0975191
0.0972562 ; 0.0972554
0.101932 ; 0.101931
0.0982795 ; 0.0982786
0.0974551 ; 0.0974543
0.0972747 ; 0.097274
0.0973511 ; 0.0973505
0.0970492 ; 0.0970485
0.0976594 ; 0.0976585
0.097172 ; 0.0971712
0.0979252 ; 0.0979241
0.0973094 ; 0.0973086
0.0973577 ; 0.097357
0.0973326 ; 0.0973319
0.0972004 ; 0.0971996
0.0973543 ; 0.0972709
0.0976022 ; 0.0976014
0.0977288 ; 0.0977281
0.1069 ; 0.1069
0.108496 ; 0.108495
0.100739 ; 0.100739
0.103604 ; 0.103603
0.0985398 ; 0.0985391
0.104794 ; 0.104793
0.104008 ; 0.104008
0.099296 ; 0.0992953
0.0989803 ; 0.0989796
0.0999102 ; 0.0999095
0.0983987 ; 0.0983978
0.0989812 ; 0.0989805
0.0986138 ; 0.0986131
0.0986959 ; 0.0986952
0.102127 ; 0.102127
0.098884 ; 0.098883
0.0984363 ; 0.0984356
0.0982417 ; 0.0982406
0.0988428 ; 0.0988421
0.0982409 ; 0.0982401
0.102219 ; 0.102219
0.0986033 ; 0.0986025
0.0985565 ; 0.0985559
0.0982672 ; 0.0982666
0.0991464 ; 0.0991458
0.098498 ; 0.0984971
0.0984097 ; 0.098409
0.098264 ; 0.0982633
0.098732 ; 0.0987314
0.0985684 ; 0.0985678
