0.0184444 ; 0.0184151
0.020517 ; 0.0205139
0.0195965 ; 0.0195955
0.0205105 ; 0.0205102
0.0196125 ; 0.0196119
0.0209457 ; 0.020945
0.0195689 ; 0.0195681
0.02048 ; 0.0204793
0.0196261 ; 0.0196252
0.0204749 ; 0.0204741
0.0200704 ; 0.0200699
0.0205395 ; 0.020539
0.01972 ; 0.0197194
0.020635 ; 0.0206344
0.0196721 ; 0.0196712
0.0210706 ; 0.0210698
0.0197036 ; 0.0197031
0.0205504 ; 0.0205499
0.0197288 ; 0.019728
0.0205495 ; 0.020549
0.0201434 ; 0.0201426
0.0205697 ; 0.0205689
0.0196968 ; 0.019696
0.0205411 ; 0.0205404
0.0197682 ; 0.0197671
0.0210582 ; 0.0210573
0.0197682 ; 0.0197674
0.0206604 ; 0.0206597
0.0197688 ; 0.0197682
0.0206358 ; 0.0206353
0.0202199 ; 0.0202194
0.0206214 ; 0.0206205
0.019803 ; 0.0198025
0.0206836 ; 0.0206829
0.01982 ; 0.0198195
0.0211684 ; 0.0211677
0.0198164 ; 0.0198158
0.020873 ; 0.0208722
0.0201997 ; 0.0201991
0.0205949 ; 0.0205937
0.0202696 ; 0.0202691
0.0206686 ; 0.0206677
0.0198753 ; 0.0198748
0.0205403 ; 0.0205394
0.0198666 ; 0.0198659
0.0210133 ; 0.0210128
0.0197993 ; 0.0197988
0.0205816 ; 0.020581
0.019824 ; 0.0198235
0.0205922 ; 0.0205915
0.020284 ; 0.0202835
0.0205813 ; 0.0205806
0.0198069 ; 0.0198064
0.0205804 ; 0.0205798
0.0198114 ; 0.0198108
0.0210146 ; 0.0210141
0.0198204 ; 0.0198199
0.0205664 ; 0.020566
0.0198391 ; 0.0198386
0.0205623 ; 0.0205616
0.0204485 ; 0.0204479
0.0206416 ; 0.020641
0.0198226 ; 0.0198219
0.0205823 ; 0.0205816
0.0198048 ; 0.0198042
0.0210865 ; 0.0210859
0.0198021 ; 0.0198017
0.0205801 ; 0.0205792
0.0198445 ; 0.0198435
0.0206153 ; 0.0206148
0.0206309 ; 0.02063
0.0206224 ; 0.0206217
0.0198396 ; 0.019839
0.0207039 ; 0.0207029
0.0198352 ; 0.0198343
0.0210966 ; 0.0210962
0.0198321 ; 0.0198314
0.0206068 ; 0.0206057
0.0198836 ; 0.019883
0.0206174 ; 0.0206167
0.020625 ; 0.0206245
0.02095 ; 0.0209494
0.0198095 ; 0.0198089
0.0206071 ; 0.0206066
0.0198618 ; 0.0198612
0.0210589 ; 0.0210583
0.0198355 ; 0.019835
0.0206286 ; 0.020628
0.0198061 ; 0.0198053
0.0206199 ; 0.0206193
0.0204092 ; 0.0204086
0.0205965 ; 0.020596
0.0198231 ; 0.0198225
0.0206442 ; 0.0206437
0.0198547 ; 0.019854
0.021116 ; 0.0211153
0.0198528 ; 0.0198519
0.0208459 ; 0.0208452
0.0198399 ; 0.0198393
0.0206332 ; 0.0206325
0.0203951 ; 0.0203945
0.020663 ; 0.0206623
0.019852 ; 0.0198512
0.0207266 ; 0.0207259
0.0198715 ; 0.0198705
0.0213486 ; 0.0213477
0.0198657 ; 0.0198649
0.0206709 ; 0.0206698
0.0198891 ; 0.0198883
0.0206546 ; 0.0206538
0.020691 ; 0.0206905
0.0206978 ; 0.0206973
0.0198149 ; 0.0198144
0.0207696 ; 0.0207689
0.0199298 ; 0.019929
0.0211328 ; 0.0211322
0.0199596 ; 0.019959
0.0206764 ; 0.0206754
0.0198905 ; 0.0198899
0.0206503 ; 0.0206497
0.0206642 ; 0.0206637
0.0206407 ; 0.02064
0.0198674 ; 0.0198667
0.0205961 ; 0.0205955
0.0199148 ; 0.0199141
0.0211274 ; 0.0211268
0.0198424 ; 0.0198419
0.020695 ; 0.0206945
0.0198946 ; 0.0198939
0.0206625 ; 0.0206618
0.0206169 ; 0.0206162
0.0206383 ; 0.0206377
0.0198923 ; 0.0198916
0.0206806 ; 0.0206798
0.0198739 ; 0.0198731
0.0210785 ; 0.0210778
0.0198431 ; 0.0198425
0.0206756 ; 0.0206749
0.0198722 ; 0.0198716
0.0207139 ; 0.0207134
0.020428 ; 0.0204273
0.0205944 ; 0.0205939
0.0198706 ; 0.01987
0.0206745 ; 0.0206737
0.0198607 ; 0.0198602
0.0213404 ; 0.0213398
0.0198687 ; 0.0198682
0.0206868 ; 0.0206863
0.0198645 ; 0.0198639
0.0206519 ; 0.0206512
0.0207502 ; 0.0207496
0.0206758 ; 0.0206752
0.0198615 ; 0.0198609
0.0206411 ; 0.0206403
0.0198564 ; 0.0198559
0.0210769 ; 0.0210758
0.0198769 ; 0.019876
0.0206331 ; 0.0206327
0.0198926 ; 0.0198921
0.020633 ; 0.0206322
0.0205283 ; 0.0205277
0.0204397 ; 0.0204392
0.01991 ; 0.0199094
0.0204165 ; 0.0204159
0.0198629 ; 0.0198624
0.0208989 ; 0.0208981
0.0198479 ; 0.0198471
0.020382 ; 0.0203812
0.0198577 ; 0.019857
0.0203726 ; 0.020372
0.0205852 ; 0.0205846
0.0204461 ; 0.0204452
0.0198734 ; 0.0198728
0.0204524 ; 0.0204514
0.0198711 ; 0.0198706
0.0208381 ; 0.0208374
0.0198801 ; 0.0198794
0.0204614 ; 0.0204607
0.0199187 ; 0.0199177
0.0204791 ; 0.0204785
0.0204176 ; 0.0204168
0.0204333 ; 0.0204326
0.0198343 ; 0.0198337
0.0204207 ; 0.0204201
0.0198786 ; 0.0198781
0.0208435 ; 0.0208428
0.0198535 ; 0.0198529
0.0204361 ; 0.0204356
0.0198593 ; 0.0198588
0.0203856 ; 0.0203852
0.0204604 ; 0.0204593
0.0204167 ; 0.020416
0.0198314 ; 0.0198306
0.0204081 ; 0.0204074
0.0198408 ; 0.0198403
0.0208026 ; 0.0208018
0.0198169 ; 0.0198162
0.0204322 ; 0.0204315
0.0198754 ; 0.0198748
0.0204751 ; 0.0204745
0.0206178 ; 0.0206172
