0.0290189 ; 0.0289726
0.0220483 ; 0.0220447
0.026556 ; 0.0265552
0.0231912 ; 0.0231906
0.0268988 ; 0.0268983
0.0163929 ; 0.0163921
0.0138323 ; 0.0138318
0.0139769 ; 0.0139762
0.0138511 ; 0.0138505
0.0140303 ; 0.0140299
0.0138605 ; 0.0138597
0.0139345 ; 0.0139339
0.0138868 ; 0.0138861
0.0139624 ; 0.0139616
0.0140466 ; 0.0140462
0.0142026 ; 0.014202
0.0144511 ; 0.0144504
0.0152682 ; 0.0152677
0.0140871 ; 0.0140864
0.0139447 ; 0.0139442
0.0140619 ; 0.0140613
0.0140374 ; 0.014037
0.0138949 ; 0.0138941
0.0141819 ; 0.0141812
0.01399 ; 0.0139889
0.0146187 ; 0.0146182
0.0140471 ; 0.0140464
0.0140905 ; 0.01409
0.0141035 ; 0.0141029
0.0140363 ; 0.0140357
0.013993 ; 0.0139923
0.0139372 ; 0.0139366
0.0140466 ; 0.014046
0.0143354 ; 0.0143347
0.0140956 ; 0.0140945
0.0141337 ; 0.014133
0.0140025 ; 0.0140016
0.0141275 ; 0.0141267
0.0141159 ; 0.0141154
0.0141812 ; 0.0141805
0.0140819 ; 0.0140811
0.0141604 ; 0.0141595
0.0140528 ; 0.0140522
0.0140893 ; 0.0140888
0.0140277 ; 0.014027
0.0141554 ; 0.0141547
0.0140942 ; 0.0140936
0.0142233 ; 0.0142229
0.0141795 ; 0.0141789
0.0160568 ; 0.0160561
0.0150364 ; 0.0150362
0.0141704 ; 0.0141696
0.014095 ; 0.0140944
0.0142593 ; 0.0142584
0.0141165 ; 0.0141161
0.0141089 ; 0.0141084
0.0141668 ; 0.0141664
0.0141279 ; 0.0141273
0.0142778 ; 0.0142772
0.0141763 ; 0.0141756
0.0140954 ; 0.0140945
0.0142964 ; 0.014296
0.0142242 ; 0.0142235
0.0144983 ; 0.0144975
0.0157717 ; 0.0157712
0.0141446 ; 0.0141441
0.013968 ; 0.0139674
0.0139947 ; 0.0139941
0.0137304 ; 0.0137291
0.0141213 ; 0.0141205
0.0137944 ; 0.0137936
0.0141367 ; 0.0141361
0.013976 ; 0.0139749
0.014085 ; 0.0140844
0.0138664 ; 0.0138659
0.0140569 ; 0.0140563
0.0159678 ; 0.0159673
0.0144506 ; 0.0144501
0.0142696 ; 0.014269
0.0143983 ; 0.0143979
0.0142605 ; 0.0142597
0.0142385 ; 0.0142379
0.0142853 ; 0.0142847
0.0143023 ; 0.0143015
0.0143728 ; 0.0143722
0.0142976 ; 0.0142968
0.0172535 ; 0.0172529
0.0191709 ; 0.0191704
0.01458 ; 0.0145791
0.0140702 ; 0.0140697
0.0143281 ; 0.0143274
0.0151981 ; 0.0151973
0.0144254 ; 0.0144248
0.0143314 ; 0.0143309
0.0147896 ; 0.0147889
0.0145587 ; 0.014558
0.0142657 ; 0.0142652
0.0143591 ; 0.0143586
0.0153919 ; 0.0153915
0.0154071 ; 0.0154067
0.0142889 ; 0.0142884
0.0140644 ; 0.0140636
0.0143679 ; 0.0143672
0.0142326 ; 0.014232
0.014344 ; 0.0143434
0.0139882 ; 0.0139875
0.0145382 ; 0.0145377
0.0140373 ; 0.0140368
0.0145148 ; 0.0145143
0.0142653 ; 0.0142648
0.0157086 ; 0.0157081
0.0140544 ; 0.0140538
0.0142451 ; 0.0142445
0.0139015 ; 0.0139011
0.0144077 ; 0.0144071
0.0138204 ; 0.0138196
0.0141351 ; 0.0141346
0.0137856 ; 0.013785
0.0142787 ; 0.0142781
0.0137618 ; 0.0137612
0.0143608 ; 0.0143602
0.0136876 ; 0.0136869
0.0142569 ; 0.0142565
0.0138777 ; 0.0138773
0.0160228 ; 0.0160222
0.0184594 ; 0.018459
0.014174 ; 0.0141732
0.0143954 ; 0.0143949
0.014405 ; 0.0144044
0.0136877 ; 0.013687
0.0142234 ; 0.014223
0.0137217 ; 0.0137212
0.0143469 ; 0.0143463
0.0145872 ; 0.014586
0.0145705 ; 0.0145699
0.0140616 ; 0.014061
0.0143971 ; 0.0143965
0.013828 ; 0.0138277
0.0143678 ; 0.0143671
0.0137496 ; 0.0137489
0.0142836 ; 0.0142829
0.0136862 ; 0.0136855
0.0141797 ; 0.0141791
0.013916 ; 0.0139154
0.0142522 ; 0.0142517
0.0139007 ; 0.0138999
0.0140396 ; 0.014039
0.0137694 ; 0.0137686
0.0145062 ; 0.0145056
0.0137316 ; 0.0137312
0.0143363 ; 0.0143356
0.0137184 ; 0.013718
0.014395 ; 0.0143944
0.0137029 ; 0.0137023
0.0141789 ; 0.0141784
0.0152662 ; 0.0152656
0.0161505 ; 0.0161495
0.0138353 ; 0.0138345
0.0141964 ; 0.0141958
0.0138019 ; 0.0138016
0.0141715 ; 0.014171
0.0138106 ; 0.01381
0.0141055 ; 0.0141048
0.0136454 ; 0.0136446
0.0143717 ; 0.0143712
0.0137959 ; 0.0137953
0.0142529 ; 0.0142518
0.0137526 ; 0.0137519
0.014152 ; 0.0141515
0.0140891 ; 0.0140885
0.0141552 ; 0.0141546
0.0138311 ; 0.0138306
0.0141229 ; 0.014122
0.0137443 ; 0.0137437
0.014263 ; 0.0142625
0.0136493 ; 0.0136488
0.0144376 ; 0.0144371
0.0138507 ; 0.0138502
0.0142561 ; 0.0142554
0.0138713 ; 0.0138706
0.0140649 ; 0.0140643
0.0139198 ; 0.0139191
0.0141135 ; 0.0141129
0.013861 ; 0.0138605
0.0142624 ; 0.0142618
0.0136992 ; 0.0136986
0.0144865 ; 0.0144858
0.0137933 ; 0.0137928
0.014322 ; 0.0143216
0.0137885 ; 0.013788
0.0142781 ; 0.0142775
0.0139643 ; 0.0139636
0.0142533 ; 0.0142527
0.0139755 ; 0.013975
0.0142054 ; 0.0142047
0.0137458 ; 0.0137451
0.0144924 ; 0.0144916
0.0137878 ; 0.0137871
0.0141907 ; 0.0141902
0.0136644 ; 0.0136638
0.0142146 ; 0.0142143
