0.00723127 ; 0.00721078
0.00613916 ; 0.00613811
0.00581642 ; 0.00581607
0.00561835 ; 0.00561827
0.00562662 ; 0.0056265
0.00563451 ; 0.00563439
0.00565482 ; 0.00565476
0.00565149 ; 0.00565121
0.00562463 ; 0.00562458
0.0056451 ; 0.00564504
0.00565064 ; 0.00565059
0.00559966 ; 0.00559958
0.00566112 ; 0.00566106
0.0056135 ; 0.00561344
0.00563827 ; 0.00563821
0.00609327 ; 0.00609321
0.00564565 ; 0.00564559
0.00562723 ; 0.00562716
0.0056162 ; 0.00561613
0.00563339 ; 0.00563333
0.00562813 ; 0.00562806
0.00560529 ; 0.00560523
0.00563063 ; 0.00563057
0.0055979 ; 0.00559784
0.00562543 ; 0.00562537
0.00563277 ; 0.00563271
0.00564398 ; 0.00564392
0.00559047 ; 0.00559041
0.00566419 ; 0.00566413
0.00557964 ; 0.00557958
0.00563117 ; 0.00563111
0.00558185 ; 0.00558176
0.00564495 ; 0.00564489
0.00561747 ; 0.00561741
0.00562137 ; 0.0056213
0.00561437 ; 0.00561431
0.00563723 ; 0.00563717
0.00560059 ; 0.00560053
0.00562363 ; 0.00562357
0.00561214 ; 0.00561208
0.00563469 ; 0.00563464
0.00560032 ; 0.00560026
0.00564304 ; 0.00564297
0.00557888 ; 0.00557862
0.00563727 ; 0.00563721
0.00557249 ; 0.00557243
0.00565238 ; 0.00565232
0.00557148 ; 0.00557141
0.00562649 ; 0.00562642
0.00561498 ; 0.00561492
0.0056136 ; 0.00561353
0.00563614 ; 0.00563607
0.00561661 ; 0.00561655
0.00559945 ; 0.00559939
0.0056208 ; 0.00562074
0.00560525 ; 0.0056052
0.00561378 ; 0.00561372
0.00560724 ; 0.00560717
0.00563012 ; 0.00563006
0.00558481 ; 0.00558474
0.00562906 ; 0.005629
0.00558748 ; 0.00558742
0.00564171 ; 0.00564166
0.00559164 ; 0.00559159
0.00563032 ; 0.00563026
0.00558218 ; 0.00558213
0.00751478 ; 0.00751412
0.00595399 ; 0.00595393
0.00563744 ; 0.00563738
0.00564569 ; 0.00564564
0.00564494 ; 0.00564488
0.0056231 ; 0.00562304
0.00564771 ; 0.00564765
0.00562093 ; 0.00562084
0.00566346 ; 0.0056634
0.00561715 ; 0.0056171
0.00563998 ; 0.00563992
0.00565817 ; 0.00565811
0.00563434 ; 0.00563428
0.00564941 ; 0.00564936
0.00563857 ; 0.0056385
0.00563583 ; 0.00563578
0.00562986 ; 0.00562981
0.0056435 ; 0.00564344
0.00563224 ; 0.00563218
0.00564115 ; 0.0056411
0.00563874 ; 0.00563858
0.00562395 ; 0.00562387
0.00565327 ; 0.00565322
0.00563457 ; 0.00563451
0.00565613 ; 0.00565607
0.00562234 ; 0.00562228
0.0056736 ; 0.00567354
0.00564399 ; 0.00564393
0.00565149 ; 0.00565144
0.00565292 ; 0.00565287
0.00564158 ; 0.00564152
0.00566447 ; 0.00566441
0.0056559 ; 0.00565584
0.00564929 ; 0.00564923
0.00677324 ; 0.00677318
0.00561695 ; 0.00561689
0.00565904 ; 0.00565898
0.00562497 ; 0.00562491
0.00565142 ; 0.00565136
0.00562089 ; 0.00562084
0.00590177 ; 0.00590171
0.00573074 ; 0.00573049
0.00566004 ; 0.00565998
0.00565847 ; 0.0056584
0.00564258 ; 0.00564251
0.00565613 ; 0.00565606
0.00564298 ; 0.00564291
0.00564789 ; 0.00564784
0.00566951 ; 0.00566946
0.00563151 ; 0.00563143
0.00572063 ; 0.00572057
0.00564736 ; 0.00564729
0.00566488 ; 0.00566482
0.00562425 ; 0.00562418
0.00566338 ; 0.00566331
0.00564424 ; 0.00564417
0.00565287 ; 0.0056528
0.00564612 ; 0.00564606
0.0056349 ; 0.00563482
0.00564895 ; 0.00564888
0.00564081 ; 0.00564075
0.00565627 ; 0.00565621
0.0056666 ; 0.00566654
0.00562191 ; 0.00562184
0.00564244 ; 0.00564237
0.00562306 ; 0.005623
0.00565977 ; 0.00565971
0.00561245 ; 0.00561239
0.00567057 ; 0.0056705
0.00566216 ; 0.0056621
0.00563455 ; 0.00563448
0.00566036 ; 0.0056603
0.00564698 ; 0.00564692
0.00563525 ; 0.00563519
0.00564039 ; 0.00564032
0.00564434 ; 0.00564428
0.00563936 ; 0.0056393
0.00564369 ; 0.00564362
0.00565203 ; 0.00565193
0.00562053 ; 0.00562047
0.00566864 ; 0.00566858
0.0056071 ; 0.00560704
0.00564485 ; 0.00564478
0.00562187 ; 0.00562181
0.00564105 ; 0.00564098
0.00565414 ; 0.00565408
0.00563555 ; 0.00563549
0.00565 ; 0.00564994
0.00563671 ; 0.00563665
0.00564283 ; 0.00564278
0.00563627 ; 0.00563621
0.00564976 ; 0.00564971
0.00564311 ; 0.00564304
0.00565576 ; 0.00565571
0.00566998 ; 0.00566992
0.00563344 ; 0.00563338
0.00566861 ; 0.00566855
0.00563527 ; 0.0056352
0.00565015 ; 0.00565008
0.00564579 ; 0.00564574
0.00566181 ; 0.00566175
0.00564896 ; 0.0056489
0.00566323 ; 0.00566316
0.00567016 ; 0.00567009
0.00565724 ; 0.00565717
0.00566385 ; 0.00566377
0.00565033 ; 0.00565026
0.00564915 ; 0.00564909
0.00566745 ; 0.00566739
0.00563573 ; 0.00563567
0.00566106 ; 0.00566099
0.00565225 ; 0.00565218
0.00566853 ; 0.00566847
0.00562955 ; 0.00562948
0.00570198 ; 0.00570192
0.00566421 ; 0.00566416
0.00564578 ; 0.0056457
0.00566172 ; 0.00566167
0.00564727 ; 0.00564719
0.00565632 ; 0.00565625
0.00565526 ; 0.00565519
0.00565767 ; 0.00565761
0.00564766 ; 0.0056476
0.00567374 ; 0.00567367
0.00566836 ; 0.00566829
0.00562862 ; 0.00562854
0.00567485 ; 0.00567479
0.00563675 ; 0.00563669
0.00565472 ; 0.00565465
0.00563335 ; 0.00563329
0.00566064 ; 0.00566057
0.00566455 ; 0.00566448
0.00565927 ; 0.00565921
0.00566702 ; 0.00566696
0.0056556 ; 0.00565553
