14.0009 ; 14.0008
12.8802 ; 12.8802
12.8832 ; 12.8832
12.8213 ; 12.8213
12.8652 ; 12.8652
12.8733 ; 12.8733
12.8902 ; 12.8902
12.7999 ; 12.7999
12.8039 ; 12.8039
12.8706 ; 12.8706
12.7952 ; 12.7952
12.8987 ; 12.8987
12.86 ; 12.86
12.887 ; 12.887
12.8827 ; 12.8827
12.8247 ; 12.8247
12.8241 ; 12.8241
12.84 ; 12.84
12.8538 ; 12.8538
12.9261 ; 12.9261
12.9005 ; 12.9005
12.8631 ; 12.8631
12.8695 ; 12.8695
12.8948 ; 12.8948
12.8325 ; 12.8325
12.8535 ; 12.8535
12.808 ; 12.808
12.8892 ; 12.8892
12.8214 ; 12.8214
12.8535 ; 12.8535
12.8918 ; 12.8918
12.8554 ; 12.8554
12.8268 ; 12.8268
12.8211 ; 12.8211
12.8366 ; 12.8366
12.8208 ; 12.8207
12.8426 ; 12.8426
12.9014 ; 12.9014
12.8563 ; 12.8563
12.8624 ; 12.8624
12.8653 ; 12.8653
12.8923 ; 12.8923
12.8443 ; 12.8443
12.8927 ; 12.8927
12.8664 ; 12.8664
12.8318 ; 12.8318
12.8875 ; 12.8875
12.8632 ; 12.8632
12.8904 ; 12.8904
12.8121 ; 12.812
12.833 ; 12.833
12.9008 ; 12.9008
12.7911 ; 12.7911
12.873 ; 12.873
12.8232 ; 12.8232
12.8654 ; 12.8654
12.7992 ; 12.7992
12.8505 ; 12.8505
12.8459 ; 12.8459
12.8781 ; 12.8781
12.8586 ; 12.8586
12.8841 ; 12.8841
12.8886 ; 12.8886
12.8598 ; 12.8598
12.8518 ; 12.8518
12.8769 ; 12.8769
12.8914 ; 12.8914
12.8918 ; 12.8918
12.8927 ; 12.8927
12.8699 ; 12.8699
12.8814 ; 12.8814
12.8911 ; 12.8911
12.8424 ; 12.8424
12.8286 ; 12.8286
12.8168 ; 12.8168
12.9122 ; 12.9122
12.9119 ; 12.9119
12.8328 ; 12.8328
12.8541 ; 12.8541
12.8229 ; 12.8229
12.8541 ; 12.8541
12.8773 ; 12.8773
12.9145 ; 12.9145
12.8244 ; 12.8244
12.823 ; 12.823
12.8822 ; 12.8822
12.8458 ; 12.8458
12.861 ; 12.861
12.8119 ; 12.8119
12.8982 ; 12.8982
12.8945 ; 12.8945
12.8767 ; 12.8767
12.8292 ; 12.8292
12.8529 ; 12.8529
12.8503 ; 12.8503
12.8947 ; 12.8947
12.8795 ; 12.8795
12.8885 ; 12.8885
12.8814 ; 12.8814
12.8627 ; 12.8627
12.8555 ; 12.8555
12.8732 ; 12.8732
12.837 ; 12.837
12.8762 ; 12.8762
12.9706 ; 12.9706
12.8246 ; 12.8245
12.8109 ; 12.8109
12.8457 ; 12.8457
12.8406 ; 12.8406
12.8452 ; 12.8452
12.8419 ; 12.8419
12.8528 ; 12.8528
12.9255 ; 12.9255
12.8868 ; 12.8868
12.8371 ; 12.8371
12.8717 ; 12.8717
12.8451 ; 12.8451
12.8503 ; 12.8503
12.9046 ; 12.9046
12.852 ; 12.852
12.8289 ; 12.8289
12.8425 ; 12.8425
12.8368 ; 12.8368
12.935 ; 12.935
12.8278 ; 12.8278
12.8928 ; 12.8928
12.8701 ; 12.8701
12.7999 ; 12.7999
12.8451 ; 12.8451
12.8328 ; 12.8328
12.8701 ; 12.8701
12.9016 ; 12.9016
12.8936 ; 12.8936
12.8011 ; 12.8011
12.8523 ; 12.8523
12.8961 ; 12.8961
12.865 ; 12.865
12.9146 ; 12.9146
12.8421 ; 12.8421
12.8826 ; 12.8826
12.8194 ; 12.8194
12.8157 ; 12.8156
12.822 ; 12.8219
12.8196 ; 12.8196
12.8752 ; 12.8752
12.8763 ; 12.8763
12.8394 ; 12.8394
12.8384 ; 12.8384
12.8756 ; 12.8756
12.877 ; 12.877
12.8434 ; 12.8434
12.8546 ; 12.8546
12.8575 ; 12.8574
12.847 ; 12.847
12.8313 ; 12.8313
12.8482 ; 12.8482
12.8649 ; 12.8649
12.8773 ; 12.8773
12.8737 ; 12.8737
12.8888 ; 12.8888
12.9157 ; 12.9157
12.848 ; 12.848
12.8819 ; 12.8819
12.8103 ; 12.8103
12.8156 ; 12.8156
12.8708 ; 12.8708
12.8317 ; 12.8317
12.8849 ; 12.8849
12.8606 ; 12.8606
12.8618 ; 12.8618
12.8683 ; 12.8683
12.8226 ; 12.8226
12.8301 ; 12.8301
12.8726 ; 12.8726
12.8317 ; 12.8316
12.8467 ; 12.8467
12.8533 ; 12.8533
12.824 ; 12.824
12.9008 ; 12.9008
12.8726 ; 12.8726
12.8537 ; 12.8537
12.8609 ; 12.8609
12.8316 ; 12.8315
12.8784 ; 12.8784
12.8652 ; 12.8652
12.8058 ; 12.8058
12.8085 ; 12.8085
12.9465 ; 12.9465
12.8207 ; 12.8207
12.86 ; 12.86
12.8552 ; 12.8552
12.8365 ; 12.8365
12.837 ; 12.837
12.8437 ; 12.8437
12.855 ; 12.855
12.8724 ; 12.8724
12.8659 ; 12.8659
12.8925 ; 12.8925
12.8207 ; 12.8207
12.873 ; 12.873
12.8449 ; 12.8449
