12.1171 ; 12.1171
11.1224 ; 11.1224
11.1127 ; 11.1127
11.0989 ; 11.0989
11.0775 ; 11.0775
11.1384 ; 11.1384
11.0773 ; 11.0773
11.1062 ; 11.1062
11.0758 ; 11.0758
11.0977 ; 11.0976
11.1038 ; 11.1037
11.0685 ; 11.0685
11.0931 ; 11.0931
11.0411 ; 11.0411
11.1579 ; 11.1579
11.0612 ; 11.0612
11.0768 ; 11.0768
11.0712 ; 11.0712
11.0689 ; 11.0689
11.0426 ; 11.0426
11.1095 ; 11.1095
11.0744 ; 11.0744
11.0966 ; 11.0966
11.0405 ; 11.0405
11.0449 ; 11.0448
11.1276 ; 11.1276
11.0381 ; 11.0381
11.0988 ; 11.0988
11.0548 ; 11.0548
11.0555 ; 11.0555
11.1273 ; 11.1273
11.1039 ; 11.1039
11.054 ; 11.054
11.1163 ; 11.1163
11.0977 ; 11.0977
11.0865 ; 11.0865
11.1212 ; 11.1212
11.0731 ; 11.0731
11.0766 ; 11.0766
11.0908 ; 11.0908
11.0693 ; 11.0693
11.0747 ; 11.0747
11.0949 ; 11.0949
11.0574 ; 11.0574
11.0886 ; 11.0886
11.0508 ; 11.0508
11.075 ; 11.075
11.1148 ; 11.1148
11.0629 ; 11.0629
11.0474 ; 11.0474
11.0594 ; 11.0594
11.099 ; 11.099
11.0825 ; 11.0825
11.0686 ; 11.0686
11.0946 ; 11.0946
11.147 ; 11.147
11.0535 ; 11.0535
11.0351 ; 11.0351
11.0581 ; 11.0581
11.0844 ; 11.0844
11.0404 ; 11.0404
11.0328 ; 11.0328
11.1064 ; 11.1064
11.0968 ; 11.0968
11.0549 ; 11.0549
11.0395 ; 11.0395
11.0624 ; 11.0624
11.1115 ; 11.1115
11.0278 ; 11.0278
11.0969 ; 11.0969
11.107 ; 11.107
11.0731 ; 11.0731
11.1242 ; 11.1242
11.0576 ; 11.0576
11.1586 ; 11.1586
11.0841 ; 11.0841
11.0657 ; 11.0657
11.0837 ; 11.0836
11.076 ; 11.076
11.1033 ; 11.1033
11.0964 ; 11.0964
11.0637 ; 11.0636
11.0811 ; 11.0811
11.0486 ; 11.0486
11.0714 ; 11.0714
11.0746 ; 11.0746
11.0839 ; 11.0839
11.0686 ; 11.0686
11.1127 ; 11.1127
11.0571 ; 11.0571
11.0982 ; 11.0982
11.0365 ; 11.0365
11.0698 ; 11.0698
11.0808 ; 11.0808
11.1124 ; 11.1124
11.0818 ; 11.0818
11.1244 ; 11.1244
11.055 ; 11.055
11.0776 ; 11.0776
11.0914 ; 11.0914
11.0923 ; 11.0923
11.0761 ; 11.076
11.0709 ; 11.0709
11.0627 ; 11.0627
11.0976 ; 11.0976
11.0693 ; 11.0693
11.0847 ; 11.0847
11.1188 ; 11.1188
11.0768 ; 11.0768
11.049 ; 11.049
11.062 ; 11.062
11.1049 ; 11.1049
11.1238 ; 11.1238
11.0573 ; 11.0573
11.0957 ; 11.0957
11.1198 ; 11.1198
11.1092 ; 11.1092
11.0734 ; 11.0734
11.0667 ; 11.0667
11.145 ; 11.145
11.0697 ; 11.0697
11.0962 ; 11.0962
11.0491 ; 11.0491
11.0546 ; 11.0546
11.0995 ; 11.0995
11.0926 ; 11.0926
11.1049 ; 11.1049
11.1041 ; 11.1041
11.1111 ; 11.1111
11.127 ; 11.127
11.0518 ; 11.0518
11.0769 ; 11.0769
11.0967 ; 11.0967
11.0634 ; 11.0634
11.0517 ; 11.0517
11.0837 ; 11.0837
11.1091 ; 11.1091
11.1018 ; 11.1018
11.1062 ; 11.1062
11.0781 ; 11.0781
11.078 ; 11.078
11.0802 ; 11.0802
11.0667 ; 11.0667
11.0575 ; 11.0575
11.1364 ; 11.1364
11.1037 ; 11.1037
11.0678 ; 11.0677
11.1162 ; 11.1162
11.1261 ; 11.1261
11.0803 ; 11.0803
11.0809 ; 11.0809
11.093 ; 11.093
11.1341 ; 11.1341
11.0648 ; 11.0648
11.1071 ; 11.1071
11.1278 ; 11.1278
11.0975 ; 11.0975
11.0567 ; 11.0567
11.0711 ; 11.0711
11.0714 ; 11.0714
11.1208 ; 11.1208
11.0872 ; 11.0872
11.0917 ; 11.0917
11.0628 ; 11.0628
11.0731 ; 11.0731
11.0362 ; 11.0362
11.104 ; 11.104
11.0891 ; 11.0891
11.0854 ; 11.0854
11.0778 ; 11.0778
11.0831 ; 11.0831
11.1143 ; 11.1143
11.0678 ; 11.0678
11.0968 ; 11.0968
11.0705 ; 11.0705
11.0685 ; 11.0685
11.077 ; 11.077
11.0479 ; 11.0479
11.1355 ; 11.1355
11.0358 ; 11.0358
11.0671 ; 11.0671
11.096 ; 11.096
11.142 ; 11.142
11.1938 ; 11.1938
11.0998 ; 11.0998
11.0816 ; 11.0816
11.0782 ; 11.0782
11.0657 ; 11.0657
11.09 ; 11.09
11.067 ; 11.067
11.1503 ; 11.1503
11.0979 ; 11.0979
11.0473 ; 11.0473
11.1156 ; 11.1156
11.0619 ; 11.0619
11.0668 ; 11.0668
11.1182 ; 11.1182
11.093 ; 11.093
11.0621 ; 11.0621
11.0927 ; 11.0927
11.1552 ; 11.1551
