40;201;8;16;1;0.0780961;0.0212029

40;201;8;32;1;0.0467713;0.0134207

40;201;8;48;1;0.0719806;0.0113404

40;201;8;64;1;0.172426;0.0241192

40;201;8;80;1;0.12896;0.0783414

40;201;8;96;1;0.141798;0.0780904

40;201;8;112;1;0.144908;0.0924974

40;201;8;128;1;0.146939;0.0979343

80;201;8;16;1;0.236555;0.150948

80;201;8;32;1;0.140273;0.0800913

80;201;8;48;1;0.128182;0.0583517

80;201;8;64;1;0.240461;0.11067

80;201;8;80;1;0.276206;0.167941

80;201;8;96;1;0.293389;0.170498

80;201;8;112;1;0.311727;0.166763

80;201;8;128;1;0.284472;0.159478

120;201;8;16;1;0.679051;0.505711

120;201;8;32;1;0.381842;0.241716

120;201;8;48;1;0.310863;0.166028

120;201;8;64;1;0.528387;0.168893

120;201;8;80;1;0.576971;0.346304

120;201;8;96;1;0.570591;0.319086

120;201;8;112;1;0.522113;0.297378

120;201;8;128;1;0.516439;0.305537

160;201;8;16;1;1.94641;1.68766

160;201;8;32;1;1.09005;0.863602

160;201;8;48;1;0.799378;0.554254

160;201;8;64;1;0.79973;0.506301

160;201;8;80;1;1.26617;0.958353

160;201;8;96;1;1.15065;0.814795

160;201;8;112;1;1.06378;0.706096

160;201;8;128;1;1.03927;0.643681

200;201;8;16;1;2.60067;2.31328

200;201;8;32;1;1.34505;1.08734

200;201;8;48;1;1.13196;0.790087

200;201;8;64;1;1.19546;0.77619

200;201;8;80;1;1.75098;1.40283

200;201;8;96;1;1.56001;1.23505

200;201;8;112;1;1.43506;1.10767

200;201;8;128;1;1.44162;1.07139

240;201;8;16;1;3.91086;3.5351

240;201;8;32;1;2.21434;1.73893

240;201;8;48;1;1.87563;1.3396

240;201;8;64;1;1.81907;1.3364

240;201;8;80;1;2.78259;2.2222

240;201;8;96;1;2.52709;1.91622

240;201;8;112;1;2.36594;1.82057

240;201;8;128;1;2.25763;1.7509

280;201;8;16;1;5.87327;5.282

280;201;8;32;1;3.47318;2.76561

280;201;8;48;1;2.5651;2.07839

280;201;8;64;1;2.68482;2.06524

280;201;8;80;1;3.69467;3.04672

280;201;8;96;1;3.3782;2.72827

280;201;8;112;1;3.29397;2.5922

280;201;8;128;1;3.30952;2.51099

320;201;8;16;1;8.68935;7.92542

320;201;8;32;1;4.9691;4.13835

320;201;8;48;1;3.93306;3.23672

320;201;8;64;1;3.59059;2.67445

320;201;8;80;1;4.72593;3.97389

320;201;8;96;1;4.53112;3.6987

320;201;8;112;1;4.45984;3.57988

320;201;8;128;1;4.57237;3.5467

340;201;8;16;1;10.3849;7.83021

340;201;8;32;1;5.85995;4.35334

340;201;8;48;1;4.65496;3.53008

340;201;8;64;1;4.09309;3.08497

340;201;8;80;1;5.45928;4.01657

340;201;8;96;1;5.06763;3.68928

340;201;8;112;1;5.08314;3.60375

340;201;8;128;1;5.22737;3.62395

360;201;8;16;1;12.089;11.201

360;201;8;32;1;6.91599;5.90555

360;201;8;48;1;5.53575;4.40048

360;201;8;64;1;5.02285;3.84292

360;201;8;80;1;6.3234;5.39312

360;201;8;96;1;6.08879;4.84121

360;201;8;112;1;5.9151;4.60508

360;201;8;128;1;6.02772;4.72953

380;201;8;16;1;14.3836;11.3327

380;201;8;32;1;7.87121;6.19014

380;201;8;48;1;6.05468;4.7738

380;201;8;64;1;5.57137;4.25511

380;201;8;80;1;7.15344;5.48578

380;201;8;96;1;6.8868;5.14386

380;201;8;112;1;6.8;4.94607

380;201;8;128;1;6.92923;5.04381

400;201;8;16;1;17.0215;15.7539

400;201;8;32;1;9.33879;8.13613

400;201;8;48;1;7.36701;6.11907

400;201;8;64;1;6.75263;5.39405

400;201;8;80;1;8.17517;6.92494

400;201;8;96;1;7.74491;6.39154

400;201;8;112;1;7.71683;6.26567

400;201;8;128;1;7.92137;6.44929

420;201;8;16;1;19.1946;15.6173

420;201;8;32;1;10.7289;8.51185

420;201;8;48;1;8.22205;6.63417

420;201;8;64;1;7.21671;5.7836

420;201;8;80;1;9.05324;7.19091

420;201;8;96;1;8.52999;6.76103

420;201;8;112;1;8.68597;6.64251

420;201;8;128;1;8.83331;6.80351

440;201;8;16;1;22.4197;20.8351

440;201;8;32;1;12.4397;10.8797

440;201;8;48;1;9.43503;8.19067

440;201;8;64;1;8.35711;6.97672

440;201;8;80;1;10.144;8.58328

440;201;8;96;1;9.70891;8.21049

440;201;8;112;1;9.82717;8.22514

440;201;8;128;1;9.93257;8.34519

480;201;8;16;1;28.9446;27.2586

480;201;8;32;1;15.8524;14.1824

480;201;8;48;1;12.2909;10.7324

480;201;8;64;1;10.7383;9.2736

480;201;8;80;1;12.6138;11.0322

480;201;8;96;1;12.0473;10.3075

480;201;8;112;1;12.1381;10.4044

480;201;8;128;1;12.4532;10.5518

520;201;8;16;1;36.2659;34.4025

520;201;8;32;1;19.8262;17.8646

520;201;8;48;1;15.3013;13.4474

520;201;8;64;1;13.5629;11.6802

520;201;8;80;1;15.6374;13.7502

520;201;8;96;1;14.6653;12.5531

520;201;8;112;1;15.0236;12.9141

520;201;8;128;1;15.0341;13.1513

560;201;8;16;1;45.1237;43.129

560;201;8;32;1;24.5252;22.4042

560;201;8;48;1;18.8281;16.685

560;201;8;64;1;16.4533;14.2631

560;201;8;80;1;19.021;16.8863

560;201;8;96;1;17.9802;15.5534

560;201;8;112;1;18.2642;15.826

560;201;8;128;1;18.3581;15.9991

600;201;8;16;1;55.2688;53.0057

600;201;8;32;1;30.1032;27.5925

600;201;8;48;1;22.9009;20.7782

600;201;8;64;1;20.0694;17.4261

600;201;8;80;1;23.0841;20.4503

600;201;8;96;1;21.746;18.8193

600;201;8;112;1;22.2955;19.5439

600;201;8;128;1;21.9663;19.4393

640;201;8;16;1;66.8749;64.2549

640;201;8;32;1;35.9311;33.5037

640;201;8;48;1;27.6356;25.0651

640;201;8;64;1;24.0444;21.28

640;201;8;80;1;28.0735;24.8225

640;201;8;96;1;26.4237;22.8163

640;201;8;112;1;26.8159;23.5874

640;201;8;128;1;26.4128;23.5382

680;201;8;16;1;80.0594;77.6649

680;201;8;32;1;42.8828;40.1213

680;201;8;48;1;33.0873;30.1335

680;201;8;64;1;28.5817;25.5547

680;201;8;80;1;32.7552;29.5867

680;201;8;96;1;30.8028;27.1329

680;201;8;112;1;31.4798;28.0691

680;201;8;128;1;30.9514;27.8545

720;201;8;16;1;94.9685;91.6024

720;201;8;32;1;50.7184;47.3938

720;201;8;48;1;38.9584;35.6672

720;201;8;64;1;33.6051;30.3196

720;201;8;80;1;38.8261;34.8215

720;201;8;96;1;36.5028;32.0246

720;201;8;112;1;36.7767;32.8281

720;201;8;128;1;36.2048;32.7037

760;201;8;16;1;111.471;107.418

760;201;8;32;1;59.1848;55.6379

760;201;8;48;1;45.7929;42.1713

760;201;8;64;1;39.2129;35.4608

760;201;8;80;1;45.4588;40.8155

760;201;8;96;1;42.8431;37.4583

760;201;8;112;1;42.7255;38.3868

760;201;8;128;1;41.9016;38.0617

800;201;8;16;1;130.013;125.944

800;201;8;32;1;69.189;65.1593

800;201;8;48;1;52.9991;49.389

800;201;8;64;1;45.5933;41.6165

800;201;8;80;1;52.9131;47.5976

800;201;8;96;1;49.8383;44.0363

800;201;8;112;1;49.3732;44.6115

800;201;8;128;1;48.5185;44.3546

840;201;8;16;1;150.911;145.656

840;201;8;32;1;80.2048;75.5649

840;201;8;48;1;61.2616;57.5431

840;201;8;64;1;52.6097;47.9861

840;201;8;80;1;60.2514;54.7359

840;201;8;96;1;57.5315;50.8472

840;201;8;112;1;57.1827;51.8304

840;201;8;128;1;55.968;51.1407

880;201;8;16;1;175.88;168.574

880;201;8;32;1;92.27;86.894

880;201;8;48;1;70.5613;65.6848

880;201;8;64;1;60.1777;55.2597

880;201;8;80;1;69.8143;63.2733

880;201;8;96;1;65.5445;59.1254

880;201;8;112;1;65.5527;59.6246

880;201;8;128;1;63.9365;58.7771

920;201;8;16;1;198.012;191.254

920;201;8;32;1;104.759;99.5206

920;201;8;48;1;79.8043;74.3057

920;201;8;64;1;68.1094;62.8479

920;201;8;80;1;78.729;71.79

920;201;8;96;1;74.2895;67.0918

920;201;8;112;1;74.29;67.9208

920;201;8;128;1;72.4707;66.6303

960;201;8;16;1;225.082;217.216

960;201;8;32;1;118.977;112.574

960;201;8;48;1;90.9749;84.8595

960;201;8;64;1;77.1073;71.4015

960;201;8;80;1;90.3781;82.0895

960;201;8;96;1;84.5407;76.4901

960;201;8;112;1;83.9461;77.1226

960;201;8;128;1;82.001;75.6272

1000;201;8;16;1;254.015;244.93

1000;201;8;32;1;134.791;127.437

1000;201;8;48;1;102.651;95.5662

1000;201;8;64;1;86.4902;80.369

1000;201;8;80;1;101.244;91.8661

1000;201;8;96;1;94.5019;86.5454

1000;201;8;112;1;94.3768;86.9486

1000;201;8;128;1;92.122;85.1273

1040;201;8;16;1;283.635;275.464

1040;201;8;32;1;149.922;142.899

1040;201;8;48;1;114.709;107.462

1040;201;8;64;1;96.7822;90.3258

1040;201;8;80;1;112.777;103.255

1040;201;8;96;1;105.837;97.1993

1040;201;8;112;1;105.518;97.3982

1040;201;8;128;1;103.506;95.6483

1080;201;8;16;1;320.889;309.257

1080;201;8;32;1;168.591;159.611

1080;201;8;48;1;128.026;120.658

1080;201;8;64;1;108.628;101.308

1080;201;8;80;1;126.346;116.179

1080;201;8;96;1;119.391;109.225

1080;201;8;112;1;118.182;109.617

1080;201;8;128;1;116.052;107.936

1120;201;8;16;1;354.9;345.382

1120;201;8;32;1;187.354;178.905

1120;201;8;48;1;143.172;134.31

1120;201;8;64;1;121.476;112.726

1120;201;8;80;1;140.058;129.22

1120;201;8;96;1;132.389;122.634

1120;201;8;112;1;131.398;121.99

1120;201;8;128;1;128.606;120.081

1160;201;8;16;1;393.442;381.87

1160;201;8;32;1;207.422;198.18

1160;201;8;48;1;157.609;148.913

1160;201;8;64;1;133.516;124.51

1160;201;8;80;1;153.782;141.943

1160;201;8;96;1;145.97;135.005

1160;201;8;112;1;145.644;135.358

1160;201;8;128;1;142.168;133.101

1200;201;8;16;1;436.022;423.587

1200;201;8;32;1;229.859;218.918

1200;201;8;48;1;174.413;165.208

1200;201;8;64;1;147.029;137.706

1200;201;8;80;1;169.795;157.346

1200;201;8;96;1;161.866;149.821

1200;201;8;112;1;160.971;149.899

1200;201;8;128;1;157.042;146.884

1240;201;8;16;1;494.597;468.981

1240;201;8;32;1;259.551;242.794

1240;201;8;48;1;193.313;182.241

1240;201;8;64;1;163.817;152.783

1240;201;8;80;1;188.195;174.63

1240;201;8;96;1;178.408;164.743

1240;201;8;112;1;177.45;165.841

1240;201;8;128;1;173.556;162.829

1280;201;8;16;1;529.971;516.264

1280;201;8;32;1;280.39;267.619

1280;201;8;48;1;213.554;201.118

1280;201;8;64;1;178.981;168.387

1280;201;8;80;1;207.45;192.796

1280;201;8;96;1;198.148;181.69

